# vsim work.tb_alu_verify -l log_file.log -coverage -c -do "coverage save -onexit -codeAll coverage_file.ucdb; run -all; exit" 
# Start time: 23:29:11 on May 11,2026
# ** Note: (vsim-3813) Design is being optimized due to module recompilation...
# ** Note: (vopt-143) Recognized 2 FSMs in module "alu_design(fast)".
# //  Questa Sim
# //  Version 10.6c linux Jul 25 2017
# //
# //  Copyright 1991-2017 Mentor Graphics Corporation
# //  All Rights Reserved.
# //
# //  QuestaSim and its associated documentation contain trade
# //  secrets and commercial or financial information that are the property of
# //  Mentor Graphics Corporation and are privileged, confidential,
# //  and exempt from disclosure under the Freedom of Information Act,
# //  5 U.S.C. Section 552. Furthermore, this information
# //  is prohibited from disclosure under the Trade Secrets Act,
# //  18 U.S.C. Section 1905.
# //
# Loading work.tb_alu_verify(fast)
# Loading work.alu_design(fast)
# coverage save -onexit -codeAll coverage_file.ucdb
#  run -all
# === TC1: CLK toggle observed in waveform ===
# === TC2: RST async assert deassert ===
# --- rst_async ---
#   RES   : DUT=8 REF=0 FAIL
#   COUT  : DUT=0 REF=0 PASS
#   OFLOW : DUT=0 REF=0 PASS
#   G     : DUT=0 REF=0 PASS
#   E     : DUT=0 REF=0 PASS
#   L     : DUT=0 REF=0 PASS
#   ERR   : DUT=0 REF=1 FAIL
#   OPA   : DUT=5 REF=3 PASS
# --- rst_async ---
#   RES   : DUT=0 REF=0 PASS
#   COUT  : DUT=0 REF=0 PASS
#   OFLOW : DUT=0 REF=0 PASS
#   G     : DUT=0 REF=0 PASS
#   E     : DUT=0 REF=0 PASS
#   L     : DUT=0 REF=0 PASS
#   ERR   : DUT=0 REF=0 PASS
#   OPA   : DUT=5 REF=3 PASS
#   RST deassert: DUT_RES=0 DUT_ERR=0 (expect 0)
# === TC3: RST during operation ===
# --- rst_during_opr ---
#   RES   : DUT=9 REF=8 FAIL
#   COUT  : DUT=0 REF=0 PASS
#   OFLOW : DUT=0 REF=0 PASS
#   G     : DUT=0 REF=0 PASS
#   E     : DUT=0 REF=0 PASS
#   L     : DUT=0 REF=0 PASS
#   ERR   : DUT=0 REF=0 PASS
#   OPA   : DUT=7 REF=2 PASS
# --- rst_during_opr ---
#   RES   : DUT=0 REF=0 PASS
#   COUT  : DUT=0 REF=0 PASS
#   OFLOW : DUT=0 REF=0 PASS
#   G     : DUT=0 REF=0 PASS
#   E     : DUT=0 REF=0 PASS
#   L     : DUT=0 REF=0 PASS
#   ERR   : DUT=0 REF=0 PASS
#   OPA   : DUT=7 REF=2 PASS
#   RST mid-op: DUT_RES=0 (expect 0)
# === TC4: CE enable ===
# --- CE_ENABLE_ADD ---
#   RES   : DUT=8 REF=8 PASS
#   COUT  : DUT=0 REF=0 PASS
#   OFLOW : DUT=0 REF=0 PASS
#   G     : DUT=0 REF=0 PASS
#   E     : DUT=0 REF=0 PASS
#   L     : DUT=0 REF=0 PASS
#   ERR   : DUT=0 REF=0 PASS
#   OPA   : DUT=5 REF=3 PASS
# === TC4b: CE=0 no update ===
# --- ce=0 ---
#   RES   : DUT=8 REF=0 FAIL
#   COUT  : DUT=0 REF=0 PASS
#   OFLOW : DUT=0 REF=0 PASS
#   G     : DUT=0 REF=0 PASS
#   E     : DUT=0 REF=0 PASS
#   L     : DUT=0 REF=0 PASS
#   ERR   : DUT=0 REF=0 PASS
#   OPA   : DUT=7 REF=7 PASS
#   CE=0: DUT_RES=8 (expect same as before, no update)
# --- ce=1 ---
#   RES   : DUT=14 REF=14 PASS
#   COUT  : DUT=0 REF=0 PASS
#   OFLOW : DUT=0 REF=0 PASS
#   G     : DUT=0 REF=0 PASS
#   E     : DUT=0 REF=0 PASS
#   L     : DUT=0 REF=0 PASS
#   ERR   : DUT=0 REF=0 PASS
#   OPA   : DUT=7 REF=7 PASS
# === ARITHMETIC MODE ===
# --- TC5_ADD ---
#   RES   : DUT=8 REF=8 PASS
#   COUT  : DUT=0 REF=0 PASS
#   OFLOW : DUT=0 REF=0 PASS
#   G     : DUT=0 REF=0 PASS
#   E     : DUT=0 REF=0 PASS
#   L     : DUT=0 REF=0 PASS
#   ERR   : DUT=0 REF=0 PASS
#   OPA   : DUT=5 REF=3 PASS
# --- ADD_MAX_OVERFLOW ---
#   RES   : DUT=0 REF=0 PASS
#   COUT  : DUT=1 REF=1 PASS
#   OFLOW : DUT=0 REF=0 PASS
#   G     : DUT=0 REF=0 PASS
#   E     : DUT=0 REF=0 PASS
#   L     : DUT=0 REF=0 PASS
#   ERR   : DUT=0 REF=0 PASS
#   OPA   : DUT=255 REF=1 PASS
# --- TC6_SUB ---
#   RES   : DUT=1 REF=1 PASS
#   COUT  : DUT=0 REF=0 PASS
#   OFLOW : DUT=0 REF=0 PASS
#   G     : DUT=0 REF=0 PASS
#   E     : DUT=0 REF=0 PASS
#   L     : DUT=0 REF=0 PASS
#   ERR   : DUT=0 REF=0 PASS
#   OPA   : DUT=5 REF=4 PASS
# --- B_ZERO_MINUS_ONE ---
#   RES   : DUT=255 REF=255 PASS
#   COUT  : DUT=0 REF=0 PASS
#   OFLOW : DUT=1 REF=1 PASS
#   G     : DUT=0 REF=0 PASS
#   E     : DUT=0 REF=0 PASS
#   L     : DUT=0 REF=0 PASS
#   ERR   : DUT=0 REF=0 PASS
#   OPA   : DUT=0 REF=1 PASS
# --- TC36_SUB_OFLOW ---
#   RES   : DUT=252 REF=252 PASS
#   COUT  : DUT=0 REF=0 PASS
#   OFLOW : DUT=1 REF=1 PASS
#   G     : DUT=0 REF=0 PASS
#   E     : DUT=0 REF=0 PASS
#   L     : DUT=0 REF=0 PASS
#   ERR   : DUT=0 REF=0 PASS
#   OPA   : DUT=3 REF=7 PASS
# --- TC7_ADD_CIN ---
#   RES   : DUT=10 REF=10 PASS
#   COUT  : DUT=0 REF=0 PASS
#   OFLOW : DUT=0 REF=0 PASS
#   G     : DUT=0 REF=0 PASS
#   E     : DUT=0 REF=0 PASS
#   L     : DUT=0 REF=0 PASS
#   ERR   : DUT=0 REF=0 PASS
#   OPA   : DUT=5 REF=4 PASS
# --- TC8_SUB_CIN ---
#   RES   : DUT=1 REF=1 PASS
#   COUT  : DUT=0 REF=0 PASS
#   OFLOW : DUT=0 REF=0 PASS
#   G     : DUT=0 REF=0 PASS
#   E     : DUT=0 REF=0 PASS
#   L     : DUT=0 REF=0 PASS
#   ERR   : DUT=0 REF=0 PASS
#   OPA   : DUT=5 REF=3 PASS
# --- TC9_INC_A_01 ---
#   RES   : DUT=6 REF=6 PASS
#   COUT  : DUT=0 REF=0 PASS
#   OFLOW : DUT=0 REF=0 PASS
#   G     : DUT=0 REF=0 PASS
#   E     : DUT=0 REF=0 PASS
#   L     : DUT=0 REF=0 PASS
#   ERR   : DUT=0 REF=0 PASS
#   OPA   : DUT=5 REF=0 PASS
# --- TC9_INC_A_11 ---
#   RES   : DUT=6 REF=6 PASS
#   COUT  : DUT=0 REF=0 PASS
#   OFLOW : DUT=0 REF=0 PASS
#   G     : DUT=0 REF=0 PASS
#   E     : DUT=0 REF=0 PASS
#   L     : DUT=0 REF=0 PASS
#   ERR   : DUT=0 REF=0 PASS
#   OPA   : DUT=5 REF=0 PASS
# --- 3_INC_A_MAX_WRAP ---
#   RES   : DUT=0 REF=0 PASS
#   COUT  : DUT=0 REF=0 PASS
#   OFLOW : DUT=0 REF=0 PASS
#   G     : DUT=0 REF=0 PASS
#   E     : DUT=0 REF=0 PASS
#   L     : DUT=0 REF=0 PASS
#   ERR   : DUT=0 REF=0 PASS
#   OPA   : DUT=255 REF=0 PASS
# --- TC11_DEC_A_01 ---
#   RES   : DUT=4 REF=4 PASS
#   COUT  : DUT=0 REF=0 PASS
#   OFLOW : DUT=0 REF=0 PASS
#   G     : DUT=0 REF=0 PASS
#   E     : DUT=0 REF=0 PASS
#   L     : DUT=0 REF=0 PASS
#   ERR   : DUT=0 REF=0 PASS
#   OPA   : DUT=5 REF=0 PASS
# --- TC11_DEC_A_11 ---
#   RES   : DUT=4 REF=4 PASS
#   COUT  : DUT=0 REF=0 PASS
#   OFLOW : DUT=0 REF=0 PASS
#   G     : DUT=0 REF=0 PASS
#   E     : DUT=0 REF=0 PASS
#   L     : DUT=0 REF=0 PASS
#   ERR   : DUT=0 REF=0 PASS
#   OPA   : DUT=5 REF=0 PASS
# --- _DEC_A_ZERO_WRAP ---
#   RES   : DUT=255 REF=255 PASS
#   COUT  : DUT=0 REF=0 PASS
#   OFLOW : DUT=0 REF=0 PASS
#   G     : DUT=0 REF=0 PASS
#   E     : DUT=0 REF=0 PASS
#   L     : DUT=0 REF=0 PASS
#   ERR   : DUT=0 REF=0 PASS
#   OPA   : DUT=0 REF=0 PASS
# --- TC10_INC_B_10 ---
#   RES   : DUT=4 REF=4 PASS
#   COUT  : DUT=0 REF=0 PASS
#   OFLOW : DUT=0 REF=0 PASS
#   G     : DUT=0 REF=0 PASS
#   E     : DUT=0 REF=0 PASS
#   L     : DUT=0 REF=0 PASS
#   ERR   : DUT=0 REF=0 PASS
#   OPA   : DUT=0 REF=3 PASS
# --- TC10_INC_B_11 ---
#   RES   : DUT=4 REF=4 PASS
#   COUT  : DUT=0 REF=0 PASS
#   OFLOW : DUT=0 REF=0 PASS
#   G     : DUT=0 REF=0 PASS
#   E     : DUT=0 REF=0 PASS
#   L     : DUT=0 REF=0 PASS
#   ERR   : DUT=0 REF=0 PASS
#   OPA   : DUT=0 REF=3 PASS
# --- 3_INC_B_MAX_WRAP ---
#   RES   : DUT=0 REF=0 PASS
#   COUT  : DUT=0 REF=0 PASS
#   OFLOW : DUT=0 REF=0 PASS
#   G     : DUT=0 REF=0 PASS
#   E     : DUT=0 REF=0 PASS
#   L     : DUT=0 REF=0 PASS
#   ERR   : DUT=0 REF=0 PASS
#   OPA   : DUT=0 REF=255 PASS
# --- TC12_DEC_B_10 ---
#   RES   : DUT=2 REF=2 PASS
#   COUT  : DUT=0 REF=0 PASS
#   OFLOW : DUT=0 REF=0 PASS
#   G     : DUT=0 REF=0 PASS
#   E     : DUT=0 REF=0 PASS
#   L     : DUT=0 REF=0 PASS
#   ERR   : DUT=0 REF=0 PASS
#   OPA   : DUT=0 REF=3 PASS
# --- TC12_DEC_B_11 ---
#   RES   : DUT=2 REF=2 PASS
#   COUT  : DUT=0 REF=0 PASS
#   OFLOW : DUT=0 REF=0 PASS
#   G     : DUT=0 REF=0 PASS
#   E     : DUT=0 REF=0 PASS
#   L     : DUT=0 REF=0 PASS
#   ERR   : DUT=0 REF=0 PASS
#   OPA   : DUT=0 REF=3 PASS
# --- _DEC_B_ZERO_WRAP ---
#   RES   : DUT=255 REF=255 PASS
#   COUT  : DUT=0 REF=0 PASS
#   OFLOW : DUT=0 REF=0 PASS
#   G     : DUT=0 REF=0 PASS
#   E     : DUT=0 REF=0 PASS
#   L     : DUT=0 REF=0 PASS
#   ERR   : DUT=0 REF=0 PASS
#   OPA   : DUT=0 REF=0 PASS
# --- TC14_CMP_EQUAL ---
#   RES   : DUT=0 REF=0 PASS
#   COUT  : DUT=0 REF=0 PASS
#   OFLOW : DUT=0 REF=0 PASS
#   G     : DUT=0 REF=0 PASS
#   E     : DUT=1 REF=1 PASS
#   L     : DUT=0 REF=0 PASS
#   ERR   : DUT=0 REF=0 PASS
#   OPA   : DUT=5 REF=5 PASS
# --- TC14_CMP_GREATER ---
#   RES   : DUT=0 REF=0 PASS
#   COUT  : DUT=0 REF=0 PASS
#   OFLOW : DUT=0 REF=0 PASS
#   G     : DUT=1 REF=1 PASS
#   E     : DUT=0 REF=0 PASS
#   L     : DUT=0 REF=0 PASS
#   ERR   : DUT=0 REF=0 PASS
#   OPA   : DUT=7 REF=3 PASS
# --- TC14_CMP_LESS ---
#   RES   : DUT=0 REF=0 PASS
#   COUT  : DUT=0 REF=0 PASS
#   OFLOW : DUT=0 REF=0 PASS
#   G     : DUT=0 REF=0 PASS
#   E     : DUT=0 REF=0 PASS
#   L     : DUT=1 REF=1 PASS
#   ERR   : DUT=0 REF=0 PASS
#   OPA   : DUT=3 REF=7 PASS
# --- TC13_MUL ---
#   RES   : DUT=12 REF=12 PASS
#   COUT  : DUT=0 REF=0 PASS
#   OFLOW : DUT=0 REF=0 PASS
#   G     : DUT=0 REF=0 PASS
#   E     : DUT=0 REF=0 PASS
#   L     : DUT=0 REF=0 PASS
#   ERR   : DUT=0 REF=0 PASS
# --- TC15_MUL_SHL ---
#   RES   : DUT=12 REF=12 PASS
#   COUT  : DUT=0 REF=0 PASS
#   OFLOW : DUT=0 REF=0 PASS
#   G     : DUT=0 REF=0 PASS
#   E     : DUT=0 REF=0 PASS
#   L     : DUT=0 REF=0 PASS
#   ERR   : DUT=0 REF=0 PASS
# --- TC16_SIGNED_ADD ---
#   RES   : DUT=8 REF=8 PASS
#   COUT  : DUT=0 REF=0 PASS
#   OFLOW : DUT=0 REF=0 PASS
#   G     : DUT=0 REF=1 FAIL
#   E     : DUT=0 REF=0 PASS
#   L     : DUT=0 REF=0 PASS
#   ERR   : DUT=0 REF=0 PASS
#   OPA   : DUT=5 REF=3 PASS
# --- SIGNED_ADD_OFLOW ---
#   RES   : DUT=128 REF=128 PASS
#   COUT  : DUT=0 REF=0 PASS
#   OFLOW : DUT=1 REF=1 PASS
#   G     : DUT=0 REF=1 FAIL
#   E     : DUT=0 REF=0 PASS
#   L     : DUT=0 REF=0 PASS
#   ERR   : DUT=0 REF=0 PASS
#   OPA   : DUT=127 REF=1 PASS
# --- TC17_SIGNED_SUB ---
#   RES   : DUT=4 REF=4 PASS
#   COUT  : DUT=0 REF=0 PASS
#   OFLOW : DUT=0 REF=0 PASS
#   G     : DUT=0 REF=1 FAIL
#   E     : DUT=0 REF=0 PASS
#   L     : DUT=0 REF=0 PASS
#   ERR   : DUT=0 REF=0 PASS
#   OPA   : DUT=7 REF=3 PASS
# --- _ARITH_CMD13_ERR ---
#   RES   : DUT=0 REF=0 PASS
#   COUT  : DUT=0 REF=0 PASS
#   OFLOW : DUT=0 REF=0 PASS
#   G     : DUT=0 REF=0 PASS
#   E     : DUT=0 REF=0 PASS
#   L     : DUT=0 REF=0 PASS
#   ERR   : DUT=1 REF=1 PASS
#   OPA   : DUT=1 REF=1 PASS
# --- _ARITH_CMD14_ERR ---
#   RES   : DUT=0 REF=0 PASS
#   COUT  : DUT=0 REF=0 PASS
#   OFLOW : DUT=0 REF=0 PASS
#   G     : DUT=0 REF=0 PASS
#   E     : DUT=0 REF=0 PASS
#   L     : DUT=0 REF=0 PASS
#   ERR   : DUT=1 REF=1 PASS
#   OPA   : DUT=1 REF=1 PASS
# --- _ARITH_CMD15_ERR ---
#   RES   : DUT=0 REF=0 PASS
#   COUT  : DUT=0 REF=0 PASS
#   OFLOW : DUT=0 REF=0 PASS
#   G     : DUT=0 REF=0 PASS
#   E     : DUT=0 REF=0 PASS
#   L     : DUT=0 REF=0 PASS
#   ERR   : DUT=1 REF=1 PASS
#   OPA   : DUT=1 REF=1 PASS
# --- 44_ADD_INV00_ERR ---
#   RES   : DUT=0 REF=0 PASS
#   COUT  : DUT=0 REF=0 PASS
#   OFLOW : DUT=0 REF=0 PASS
#   G     : DUT=0 REF=0 PASS
#   E     : DUT=0 REF=0 PASS
#   L     : DUT=0 REF=0 PASS
#   ERR   : DUT=1 REF=1 PASS
#   OPA   : DUT=5 REF=3 PASS
# --- 44_ADD_INV01_ERR ---
#   RES   : DUT=0 REF=0 PASS
#   COUT  : DUT=0 REF=0 PASS
#   OFLOW : DUT=0 REF=0 PASS
#   G     : DUT=0 REF=0 PASS
#   E     : DUT=0 REF=0 PASS
#   L     : DUT=0 REF=0 PASS
#   ERR   : DUT=1 REF=1 PASS
#   OPA   : DUT=5 REF=3 PASS
# --- 44_ADD_INV10_ERR ---
#   RES   : DUT=0 REF=0 PASS
#   COUT  : DUT=0 REF=0 PASS
#   OFLOW : DUT=0 REF=0 PASS
#   G     : DUT=0 REF=0 PASS
#   E     : DUT=0 REF=0 PASS
#   L     : DUT=0 REF=0 PASS
#   ERR   : DUT=1 REF=1 PASS
#   OPA   : DUT=5 REF=3 PASS
# --- 44_SUB_INV00_ERR ---
#   RES   : DUT=0 REF=0 PASS
#   COUT  : DUT=0 REF=0 PASS
#   OFLOW : DUT=0 REF=0 PASS
#   G     : DUT=0 REF=0 PASS
#   E     : DUT=0 REF=0 PASS
#   L     : DUT=0 REF=0 PASS
#   ERR   : DUT=1 REF=1 PASS
#   OPA   : DUT=5 REF=3 PASS
# --- 44_CMP_INV00_ERR ---
#   RES   : DUT=0 REF=0 PASS
#   COUT  : DUT=0 REF=0 PASS
#   OFLOW : DUT=0 REF=0 PASS
#   G     : DUT=0 REF=0 PASS
#   E     : DUT=0 REF=0 PASS
#   L     : DUT=0 REF=0 PASS
#   ERR   : DUT=1 REF=1 PASS
#   OPA   : DUT=5 REF=3 PASS
# --- 44_CMP_INV01_ERR ---
#   RES   : DUT=0 REF=0 PASS
#   COUT  : DUT=0 REF=0 PASS
#   OFLOW : DUT=0 REF=0 PASS
#   G     : DUT=0 REF=0 PASS
#   E     : DUT=0 REF=0 PASS
#   L     : DUT=0 REF=0 PASS
#   ERR   : DUT=1 REF=1 PASS
#   OPA   : DUT=5 REF=3 PASS
# --- 44_CMP_INV10_ERR ---
#   RES   : DUT=0 REF=0 PASS
#   COUT  : DUT=0 REF=0 PASS
#   OFLOW : DUT=0 REF=0 PASS
#   G     : DUT=0 REF=0 PASS
#   E     : DUT=0 REF=0 PASS
#   L     : DUT=0 REF=0 PASS
#   ERR   : DUT=1 REF=1 PASS
#   OPA   : DUT=5 REF=3 PASS
# --- _INC_A_INV00_ERR ---
#   RES   : DUT=0 REF=0 PASS
#   COUT  : DUT=0 REF=0 PASS
#   OFLOW : DUT=0 REF=0 PASS
#   G     : DUT=0 REF=0 PASS
#   E     : DUT=0 REF=0 PASS
#   L     : DUT=0 REF=0 PASS
#   ERR   : DUT=1 REF=1 PASS
#   OPA   : DUT=5 REF=0 PASS
# --- _DEC_A_INV00_ERR ---
#   RES   : DUT=0 REF=0 PASS
#   COUT  : DUT=0 REF=0 PASS
#   OFLOW : DUT=0 REF=0 PASS
#   G     : DUT=0 REF=0 PASS
#   E     : DUT=0 REF=0 PASS
#   L     : DUT=0 REF=0 PASS
#   ERR   : DUT=1 REF=1 PASS
#   OPA   : DUT=5 REF=0 PASS
# --- _INC_B_INV00_ERR ---
#   RES   : DUT=0 REF=0 PASS
#   COUT  : DUT=0 REF=0 PASS
#   OFLOW : DUT=0 REF=0 PASS
#   G     : DUT=0 REF=0 PASS
#   E     : DUT=0 REF=0 PASS
#   L     : DUT=0 REF=0 PASS
#   ERR   : DUT=1 REF=1 PASS
#   OPA   : DUT=0 REF=3 PASS
# --- _DEC_B_INV00_ERR ---
#   RES   : DUT=0 REF=0 PASS
#   COUT  : DUT=0 REF=0 PASS
#   OFLOW : DUT=0 REF=0 PASS
#   G     : DUT=0 REF=0 PASS
#   E     : DUT=0 REF=0 PASS
#   L     : DUT=0 REF=0 PASS
#   ERR   : DUT=1 REF=1 PASS
#   OPA   : DUT=0 REF=3 PASS
# --- A_MAX_INC_NO_OPB ---
#   RES   : DUT=0 REF=0 PASS
#   COUT  : DUT=0 REF=0 PASS
#   OFLOW : DUT=0 REF=0 PASS
#   G     : DUT=0 REF=0 PASS
#   E     : DUT=0 REF=0 PASS
#   L     : DUT=0 REF=0 PASS
#   ERR   : DUT=0 REF=0 PASS
#   OPA   : DUT=255 REF=0 PASS
# --- inp_invalid ---
#   RES   : DUT=0 REF=12 FAIL
#   COUT  : DUT=0 REF=0 PASS
#   OFLOW : DUT=0 REF=0 PASS
#   G     : DUT=0 REF=0 PASS
#   E     : DUT=0 REF=0 PASS
#   L     : DUT=0 REF=0 PASS
#   ERR   : DUT=1 REF=0 FAIL
# --- TC48_MUL_INV_2ND_POSEDGE ---
#   ERR: DUT=1 REF=0 FAIL
# --- inp_invalid ---
#   RES   : DUT=0 REF=12 FAIL
#   COUT  : DUT=0 REF=0 PASS
#   OFLOW : DUT=0 REF=0 PASS
#   G     : DUT=0 REF=0 PASS
#   E     : DUT=0 REF=0 PASS
#   L     : DUT=0 REF=0 PASS
#   ERR   : DUT=1 REF=0 FAIL
# --- TC48_MUL_INV01_2ND_POSEDGE ---
#   ERR: DUT=1 REF=0 FAIL
# --- TC49_MULSHL_INV_2ND_POSEDGE ---
#   ERR: DUT=1 REF=0 FAIL
# --- TC50_MUL_CMD_CHANGE_2ND_POSEDGE ---
#   RES: DUT=5 REF=12 FAIL
# --- TC51_MULSHL_MODE_CHANGE_2ND_POSEDGE ---
#   RES: DUT=1 REF=12 FAIL
# --- TC52_MUL_INPUT_CHANGE_2ND_POSEDGE ---
#   RES: DUT=0 REF=12 FAIL (expect result for OPA=2 OPB=3)
# === LOGICAL MODE ===
# --- INP_VALID_00_ERR ---
#   RES   : DUT=0 REF=10 FAIL
#   COUT  : DUT=0 REF=0 PASS
#   OFLOW : DUT=0 REF=0 PASS
#   G     : DUT=0 REF=0 PASS
#   E     : DUT=0 REF=0 PASS
#   L     : DUT=0 REF=0 PASS
#   ERR   : DUT=1 REF=0 FAIL
#   OPA   : DUT=0 REF=0 PASS
# --- TC18_AND ---
#   RES   : DUT=8 REF=8 PASS
#   COUT  : DUT=0 REF=0 PASS
#   OFLOW : DUT=0 REF=0 PASS
#   G     : DUT=0 REF=0 PASS
#   E     : DUT=0 REF=0 PASS
#   L     : DUT=0 REF=0 PASS
#   ERR   : DUT=0 REF=0 PASS
#   OPA   : DUT=10 REF=12 PASS
# --- TC19_NAND ---
#   RES   : DUT=65527 REF=65527 PASS
#   COUT  : DUT=0 REF=0 PASS
#   OFLOW : DUT=0 REF=0 PASS
#   G     : DUT=0 REF=0 PASS
#   E     : DUT=0 REF=0 PASS
#   L     : DUT=0 REF=0 PASS
#   ERR   : DUT=0 REF=0 PASS
#   OPA   : DUT=10 REF=12 PASS
# --- TC20_OR ---
#   RES   : DUT=14 REF=14 PASS
#   COUT  : DUT=0 REF=0 PASS
#   OFLOW : DUT=0 REF=0 PASS
#   G     : DUT=0 REF=0 PASS
#   E     : DUT=0 REF=0 PASS
#   L     : DUT=0 REF=0 PASS
#   ERR   : DUT=0 REF=0 PASS
#   OPA   : DUT=10 REF=12 PASS
# --- TC21_NOR ---
#   RES   : DUT=65521 REF=65521 PASS
#   COUT  : DUT=0 REF=0 PASS
#   OFLOW : DUT=0 REF=0 PASS
#   G     : DUT=0 REF=0 PASS
#   E     : DUT=0 REF=0 PASS
#   L     : DUT=0 REF=0 PASS
#   ERR   : DUT=0 REF=0 PASS
#   OPA   : DUT=10 REF=12 PASS
# --- TC22_XOR ---
#   RES   : DUT=6 REF=6 PASS
#   COUT  : DUT=0 REF=0 PASS
#   OFLOW : DUT=0 REF=0 PASS
#   G     : DUT=0 REF=0 PASS
#   E     : DUT=0 REF=0 PASS
#   L     : DUT=0 REF=0 PASS
#   ERR   : DUT=0 REF=0 PASS
#   OPA   : DUT=10 REF=12 PASS
# --- TC23_XNOR ---
#   RES   : DUT=65529 REF=65529 PASS
#   COUT  : DUT=0 REF=0 PASS
#   OFLOW : DUT=0 REF=0 PASS
#   G     : DUT=0 REF=0 PASS
#   E     : DUT=0 REF=0 PASS
#   L     : DUT=0 REF=0 PASS
#   ERR   : DUT=0 REF=0 PASS
#   OPA   : DUT=10 REF=12 PASS
# --- TC24_NOT_A_01 ---
#   RES   : DUT=65525 REF=245 FAIL
#   COUT  : DUT=0 REF=0 PASS
#   OFLOW : DUT=0 REF=0 PASS
#   G     : DUT=0 REF=0 PASS
#   E     : DUT=0 REF=0 PASS
#   L     : DUT=0 REF=0 PASS
#   ERR   : DUT=0 REF=0 PASS
#   OPA   : DUT=10 REF=0 PASS
# --- TC24_NOT_A_11 ---
#   RES   : DUT=65525 REF=65525 PASS
#   COUT  : DUT=0 REF=0 PASS
#   OFLOW : DUT=0 REF=0 PASS
#   G     : DUT=0 REF=0 PASS
#   E     : DUT=0 REF=0 PASS
#   L     : DUT=0 REF=0 PASS
#   ERR   : DUT=0 REF=0 PASS
#   OPA   : DUT=10 REF=0 PASS
# --- TC25_NOT_B_10 ---
#   RES   : DUT=65523 REF=65523 PASS
#   COUT  : DUT=0 REF=0 PASS
#   OFLOW : DUT=0 REF=0 PASS
#   G     : DUT=0 REF=0 PASS
#   E     : DUT=0 REF=0 PASS
#   L     : DUT=0 REF=0 PASS
#   ERR   : DUT=0 REF=0 PASS
#   OPA   : DUT=0 REF=12 PASS
# --- TC25_NOT_B_11 ---
#   RES   : DUT=65523 REF=65523 PASS
#   COUT  : DUT=0 REF=0 PASS
#   OFLOW : DUT=0 REF=0 PASS
#   G     : DUT=0 REF=0 PASS
#   E     : DUT=0 REF=0 PASS
#   L     : DUT=0 REF=0 PASS
#   ERR   : DUT=0 REF=0 PASS
#   OPA   : DUT=0 REF=12 PASS
# --- TC26_SHR_A_01 ---
#   RES   : DUT=5 REF=5 PASS
#   COUT  : DUT=0 REF=0 PASS
#   OFLOW : DUT=0 REF=0 PASS
#   G     : DUT=0 REF=0 PASS
#   E     : DUT=0 REF=0 PASS
#   L     : DUT=0 REF=0 PASS
#   ERR   : DUT=0 REF=0 PASS
#   OPA   : DUT=10 REF=0 PASS
# --- TC26_SHR_A_11 ---
#   RES   : DUT=5 REF=5 PASS
#   COUT  : DUT=0 REF=0 PASS
#   OFLOW : DUT=0 REF=0 PASS
#   G     : DUT=0 REF=0 PASS
#   E     : DUT=0 REF=0 PASS
#   L     : DUT=0 REF=0 PASS
#   ERR   : DUT=0 REF=0 PASS
#   OPA   : DUT=10 REF=0 PASS
# --- TC38_SHR_A_MAX ---
#   RES   : DUT=127 REF=127 PASS
#   COUT  : DUT=0 REF=0 PASS
#   OFLOW : DUT=0 REF=0 PASS
#   G     : DUT=0 REF=0 PASS
#   E     : DUT=0 REF=0 PASS
#   L     : DUT=0 REF=0 PASS
#   ERR   : DUT=0 REF=0 PASS
#   OPA   : DUT=255 REF=0 PASS
# --- TC27_SHL_A_01 ---
#   RES   : DUT=10 REF=10 PASS
#   COUT  : DUT=0 REF=0 PASS
#   OFLOW : DUT=0 REF=0 PASS
#   G     : DUT=0 REF=0 PASS
#   E     : DUT=0 REF=0 PASS
#   L     : DUT=0 REF=0 PASS
#   ERR   : DUT=0 REF=0 PASS
#   OPA   : DUT=5 REF=0 PASS
# --- TC27_SHL_A_11 ---
#   RES   : DUT=10 REF=10 PASS
#   COUT  : DUT=0 REF=0 PASS
#   OFLOW : DUT=0 REF=0 PASS
#   G     : DUT=0 REF=0 PASS
#   E     : DUT=0 REF=0 PASS
#   L     : DUT=0 REF=0 PASS
#   ERR   : DUT=0 REF=0 PASS
#   OPA   : DUT=5 REF=0 PASS
# --- TC39_SHL_A_ZERO ---
#   RES   : DUT=0 REF=0 PASS
#   COUT  : DUT=0 REF=0 PASS
#   OFLOW : DUT=0 REF=0 PASS
#   G     : DUT=0 REF=0 PASS
#   E     : DUT=0 REF=0 PASS
#   L     : DUT=0 REF=0 PASS
#   ERR   : DUT=0 REF=0 PASS
#   OPA   : DUT=0 REF=0 PASS
# --- TC28_SHR_B_10 ---
#   RES   : DUT=6 REF=6 PASS
#   COUT  : DUT=0 REF=0 PASS
#   OFLOW : DUT=0 REF=0 PASS
#   G     : DUT=0 REF=0 PASS
#   E     : DUT=0 REF=0 PASS
#   L     : DUT=0 REF=0 PASS
#   ERR   : DUT=0 REF=0 PASS
#   OPA   : DUT=0 REF=12 PASS
# --- TC28_SHR_B_11 ---
#   RES   : DUT=6 REF=6 PASS
#   COUT  : DUT=0 REF=0 PASS
#   OFLOW : DUT=0 REF=0 PASS
#   G     : DUT=0 REF=0 PASS
#   E     : DUT=0 REF=0 PASS
#   L     : DUT=0 REF=0 PASS
#   ERR   : DUT=0 REF=0 PASS
#   OPA   : DUT=0 REF=12 PASS
# --- TC40_SHR_B_MAX ---
#   RES   : DUT=127 REF=127 PASS
#   COUT  : DUT=0 REF=0 PASS
#   OFLOW : DUT=0 REF=0 PASS
#   G     : DUT=0 REF=0 PASS
#   E     : DUT=0 REF=0 PASS
#   L     : DUT=0 REF=0 PASS
#   ERR   : DUT=0 REF=0 PASS
#   OPA   : DUT=0 REF=255 PASS
# --- TC29_SHL_B_10 ---
#   RES   : DUT=6 REF=6 PASS
#   COUT  : DUT=0 REF=0 PASS
#   OFLOW : DUT=0 REF=0 PASS
#   G     : DUT=0 REF=0 PASS
#   E     : DUT=0 REF=0 PASS
#   L     : DUT=0 REF=0 PASS
#   ERR   : DUT=0 REF=0 PASS
#   OPA   : DUT=0 REF=3 PASS
# --- TC29_SHL_B_11 ---
#   RES   : DUT=6 REF=6 PASS
#   COUT  : DUT=0 REF=0 PASS
#   OFLOW : DUT=0 REF=0 PASS
#   G     : DUT=0 REF=0 PASS
#   E     : DUT=0 REF=0 PASS
#   L     : DUT=0 REF=0 PASS
#   ERR   : DUT=0 REF=0 PASS
#   OPA   : DUT=0 REF=3 PASS
# --- TC41_SHL_B_ZERO ---
#   RES   : DUT=0 REF=0 PASS
#   COUT  : DUT=0 REF=0 PASS
#   OFLOW : DUT=0 REF=0 PASS
#   G     : DUT=0 REF=0 PASS
#   E     : DUT=0 REF=0 PASS
#   L     : DUT=0 REF=0 PASS
#   ERR   : DUT=0 REF=0 PASS
#   OPA   : DUT=0 REF=0 PASS
# --- TC30_ROL_BY_1 ---
#   RES   : DUT=20 REF=20 PASS
#   COUT  : DUT=0 REF=0 PASS
#   OFLOW : DUT=0 REF=0 PASS
#   G     : DUT=0 REF=0 PASS
#   E     : DUT=0 REF=0 PASS
#   L     : DUT=0 REF=0 PASS
#   ERR   : DUT=0 REF=0 PASS
#   OPA   : DUT=10 REF=1 PASS
# --- TC31_ROL_BY_2 ---
#   RES   : DUT=40 REF=40 PASS
#   COUT  : DUT=0 REF=0 PASS
#   OFLOW : DUT=0 REF=0 PASS
#   G     : DUT=0 REF=0 PASS
#   E     : DUT=0 REF=0 PASS
#   L     : DUT=0 REF=0 PASS
#   ERR   : DUT=0 REF=0 PASS
#   OPA   : DUT=10 REF=2 PASS
# --- TC31_ROL_BY_3 ---
#   RES   : DUT=80 REF=80 PASS
#   COUT  : DUT=0 REF=0 PASS
#   OFLOW : DUT=0 REF=0 PASS
#   G     : DUT=0 REF=0 PASS
#   E     : DUT=0 REF=0 PASS
#   L     : DUT=0 REF=0 PASS
#   ERR   : DUT=0 REF=0 PASS
#   OPA   : DUT=10 REF=3 PASS
# --- TC31_ROL_BY_4 ---
#   RES   : DUT=160 REF=160 PASS
#   COUT  : DUT=0 REF=0 PASS
#   OFLOW : DUT=0 REF=0 PASS
#   G     : DUT=0 REF=0 PASS
#   E     : DUT=0 REF=0 PASS
#   L     : DUT=0 REF=0 PASS
#   ERR   : DUT=0 REF=0 PASS
#   OPA   : DUT=10 REF=4 PASS
# --- TC31_ROL_BY_7 ---
#   RES   : DUT=5 REF=5 PASS
#   COUT  : DUT=0 REF=0 PASS
#   OFLOW : DUT=0 REF=0 PASS
#   G     : DUT=0 REF=0 PASS
#   E     : DUT=0 REF=0 PASS
#   L     : DUT=0 REF=0 PASS
#   ERR   : DUT=0 REF=0 PASS
#   OPA   : DUT=10 REF=7 PASS
# --- _ROL_OPB_MSB_ERR ---
#   RES   : DUT=10 REF=10 PASS
#   COUT  : DUT=0 REF=0 PASS
#   OFLOW : DUT=0 REF=0 PASS
#   G     : DUT=0 REF=0 PASS
#   E     : DUT=0 REF=0 PASS
#   L     : DUT=0 REF=0 PASS
#   ERR   : DUT=0 REF=0 PASS
#   OPA   : DUT=10 REF=8 PASS
# --- PB_9_IGNORE_BIT3 ---
#   RES   : DUT=20 REF=20 PASS
#   COUT  : DUT=0 REF=0 PASS
#   OFLOW : DUT=0 REF=0 PASS
#   G     : DUT=0 REF=0 PASS
#   E     : DUT=0 REF=0 PASS
#   L     : DUT=0 REF=0 PASS
#   ERR   : DUT=0 REF=0 PASS
#   OPA   : DUT=10 REF=9 PASS
# --- B_10_IGNORE_BIT3 ---
#   RES   : DUT=40 REF=40 PASS
#   COUT  : DUT=0 REF=0 PASS
#   OFLOW : DUT=0 REF=0 PASS
#   G     : DUT=0 REF=0 PASS
#   E     : DUT=0 REF=0 PASS
#   L     : DUT=0 REF=0 PASS
#   ERR   : DUT=0 REF=0 PASS
#   OPA   : DUT=10 REF=10 PASS
# --- B_15_IGNORE_BIT3 ---
#   RES   : DUT=5 REF=5 PASS
#   COUT  : DUT=0 REF=0 PASS
#   OFLOW : DUT=0 REF=0 PASS
#   G     : DUT=0 REF=0 PASS
#   E     : DUT=0 REF=0 PASS
#   L     : DUT=0 REF=0 PASS
#   ERR   : DUT=0 REF=0 PASS
#   OPA   : DUT=10 REF=15 PASS
# --- ROL_OPB16_ERR ---
#   RES   : DUT=10 REF=10 PASS
#   COUT  : DUT=0 REF=0 PASS
#   OFLOW : DUT=0 REF=0 PASS
#   G     : DUT=0 REF=0 PASS
#   E     : DUT=0 REF=0 PASS
#   L     : DUT=0 REF=0 PASS
#   ERR   : DUT=1 REF=1 PASS
#   OPA   : DUT=10 REF=16 PASS
# --- TC32_ROR_BY_1 ---
#   RES   : DUT=5 REF=5 PASS
#   COUT  : DUT=0 REF=0 PASS
#   OFLOW : DUT=0 REF=0 PASS
#   G     : DUT=0 REF=0 PASS
#   E     : DUT=0 REF=0 PASS
#   L     : DUT=0 REF=0 PASS
#   ERR   : DUT=0 REF=0 PASS
#   OPA   : DUT=10 REF=1 PASS
# --- TC32_ROR_BY_2 ---
#   RES   : DUT=130 REF=130 PASS
#   COUT  : DUT=0 REF=0 PASS
#   OFLOW : DUT=0 REF=0 PASS
#   G     : DUT=0 REF=0 PASS
#   E     : DUT=0 REF=0 PASS
#   L     : DUT=0 REF=0 PASS
#   ERR   : DUT=0 REF=0 PASS
#   OPA   : DUT=10 REF=2 PASS
# --- TC32_ROR_BY_3 ---
#   RES   : DUT=65 REF=65 PASS
#   COUT  : DUT=0 REF=0 PASS
#   OFLOW : DUT=0 REF=0 PASS
#   G     : DUT=0 REF=0 PASS
#   E     : DUT=0 REF=0 PASS
#   L     : DUT=0 REF=0 PASS
#   ERR   : DUT=0 REF=0 PASS
#   OPA   : DUT=10 REF=3 PASS
# --- TC32_ROR_BY_7 ---
#   RES   : DUT=20 REF=20 PASS
#   COUT  : DUT=0 REF=0 PASS
#   OFLOW : DUT=0 REF=0 PASS
#   G     : DUT=0 REF=0 PASS
#   E     : DUT=0 REF=0 PASS
#   L     : DUT=0 REF=0 PASS
#   ERR   : DUT=0 REF=0 PASS
#   OPA   : DUT=10 REF=7 PASS
# --- PB_9_IGNORE_BIT3 ---
#   RES   : DUT=5 REF=5 PASS
#   COUT  : DUT=0 REF=0 PASS
#   OFLOW : DUT=0 REF=0 PASS
#   G     : DUT=0 REF=0 PASS
#   E     : DUT=0 REF=0 PASS
#   L     : DUT=0 REF=0 PASS
#   ERR   : DUT=0 REF=0 PASS
#   OPA   : DUT=10 REF=9 PASS
# --- B_15_IGNORE_BIT3 ---
#   RES   : DUT=20 REF=20 PASS
#   COUT  : DUT=0 REF=0 PASS
#   OFLOW : DUT=0 REF=0 PASS
#   G     : DUT=0 REF=0 PASS
#   E     : DUT=0 REF=0 PASS
#   L     : DUT=0 REF=0 PASS
#   ERR   : DUT=0 REF=0 PASS
#   OPA   : DUT=10 REF=15 PASS
# --- ROR_OPB16_ERR ---
#   RES   : DUT=10 REF=10 PASS
#   COUT  : DUT=0 REF=0 PASS
#   OFLOW : DUT=0 REF=0 PASS
#   G     : DUT=0 REF=0 PASS
#   E     : DUT=0 REF=0 PASS
#   L     : DUT=0 REF=0 PASS
#   ERR   : DUT=1 REF=1 PASS
#   OPA   : DUT=10 REF=16 PASS
# --- 46_AND_INV00_ERR ---
#   RES   : DUT=0 REF=0 PASS
#   COUT  : DUT=0 REF=0 PASS
#   OFLOW : DUT=0 REF=0 PASS
#   G     : DUT=0 REF=0 PASS
#   E     : DUT=0 REF=0 PASS
#   L     : DUT=0 REF=0 PASS
#   ERR   : DUT=1 REF=1 PASS
#   OPA   : DUT=10 REF=12 PASS
# --- 46_AND_INV01_ERR ---
#   RES   : DUT=0 REF=0 PASS
#   COUT  : DUT=0 REF=0 PASS
#   OFLOW : DUT=0 REF=0 PASS
#   G     : DUT=0 REF=0 PASS
#   E     : DUT=0 REF=0 PASS
#   L     : DUT=0 REF=0 PASS
#   ERR   : DUT=1 REF=1 PASS
#   OPA   : DUT=10 REF=12 PASS
# --- 46_AND_INV10_ERR ---
#   RES   : DUT=0 REF=0 PASS
#   COUT  : DUT=0 REF=0 PASS
#   OFLOW : DUT=0 REF=0 PASS
#   G     : DUT=0 REF=0 PASS
#   E     : DUT=0 REF=0 PASS
#   L     : DUT=0 REF=0 PASS
#   ERR   : DUT=1 REF=1 PASS
#   OPA   : DUT=10 REF=12 PASS
# --- 46_XOR_INV00_ERR ---
#   RES   : DUT=0 REF=0 PASS
#   COUT  : DUT=0 REF=0 PASS
#   OFLOW : DUT=0 REF=0 PASS
#   G     : DUT=0 REF=0 PASS
#   E     : DUT=0 REF=0 PASS
#   L     : DUT=0 REF=0 PASS
#   ERR   : DUT=1 REF=1 PASS
#   OPA   : DUT=10 REF=12 PASS
# --- 6_SHRA_INV00_ERR ---
#   RES   : DUT=0 REF=0 PASS
#   COUT  : DUT=0 REF=0 PASS
#   OFLOW : DUT=0 REF=0 PASS
#   G     : DUT=0 REF=0 PASS
#   E     : DUT=0 REF=0 PASS
#   L     : DUT=0 REF=0 PASS
#   ERR   : DUT=1 REF=1 PASS
#   OPA   : DUT=10 REF=12 PASS
# --- _NOT_A_INV00_ERR ---
#   RES   : DUT=0 REF=0 PASS
#   COUT  : DUT=0 REF=0 PASS
#   OFLOW : DUT=0 REF=0 PASS
#   G     : DUT=0 REF=0 PASS
#   E     : DUT=0 REF=0 PASS
#   L     : DUT=0 REF=0 PASS
#   ERR   : DUT=1 REF=1 PASS
#   OPA   : DUT=10 REF=0 PASS
# --- _NOT_B_INV00_ERR ---
#   RES   : DUT=0 REF=0 PASS
#   COUT  : DUT=0 REF=0 PASS
#   OFLOW : DUT=0 REF=0 PASS
#   G     : DUT=0 REF=0 PASS
#   E     : DUT=0 REF=0 PASS
#   L     : DUT=0 REF=0 PASS
#   ERR   : DUT=1 REF=1 PASS
#   OPA   : DUT=0 REF=12 PASS
# --- OGIC_DEFAULT_ERR ---
#   RES   : DUT=0 REF=0 PASS
#   COUT  : DUT=0 REF=0 PASS
#   OFLOW : DUT=0 REF=0 PASS
#   G     : DUT=0 REF=0 PASS
#   E     : DUT=0 REF=0 PASS
#   L     : DUT=0 REF=0 PASS
#   ERR   : DUT=1 REF=1 PASS
#   OPA   : DUT=1 REF=1 PASS
# --- _LOGIC_CMD15_ERR ---
#   RES   : DUT=0 REF=0 PASS
#   COUT  : DUT=0 REF=0 PASS
#   OFLOW : DUT=0 REF=0 PASS
#   G     : DUT=0 REF=0 PASS
#   E     : DUT=0 REF=0 PASS
#   L     : DUT=0 REF=0 PASS
#   ERR   : DUT=1 REF=1 PASS
#   OPA   : DUT=1 REF=1 PASS
# === CE=0 DURING OPERATIONS ===
# --- TH_ADD_NO_UPDATE ---
#   RES   : DUT=0 REF=0 PASS
#   COUT  : DUT=0 REF=0 PASS
#   OFLOW : DUT=0 REF=0 PASS
#   G     : DUT=0 REF=0 PASS
#   E     : DUT=0 REF=0 PASS
#   L     : DUT=0 REF=0 PASS
#   ERR   : DUT=1 REF=0 FAIL
#   OPA   : DUT=5 REF=3 PASS
# --- TH_SUB_NO_UPDATE ---
#   RES   : DUT=0 REF=0 PASS
#   COUT  : DUT=0 REF=0 PASS
#   OFLOW : DUT=0 REF=0 PASS
#   G     : DUT=0 REF=0 PASS
#   E     : DUT=0 REF=0 PASS
#   L     : DUT=0 REF=0 PASS
#   ERR   : DUT=1 REF=0 FAIL
#   OPA   : DUT=5 REF=3 PASS
# --- IC_AND_NO_UPDATE ---
#   RES   : DUT=0 REF=0 PASS
#   COUT  : DUT=0 REF=0 PASS
#   OFLOW : DUT=0 REF=0 PASS
#   G     : DUT=0 REF=0 PASS
#   E     : DUT=0 REF=0 PASS
#   L     : DUT=0 REF=0 PASS
#   ERR   : DUT=1 REF=0 FAIL
#   OPA   : DUT=5 REF=3 PASS
# === RST DURING ARITHMETIC ===
#   RST_ARITH: DUT_RES=12 (expect 0)
# === RST DURING LOGICAL ===
#   RST_LOGIC: DUT_RES=8 (expect 0)
# === ADD BOUNDARY ===
# --- ADD_ZERO_ZERO ---
#   RES   : DUT=0 REF=22 FAIL
#   COUT  : DUT=0 REF=0 PASS
#   OFLOW : DUT=0 REF=0 PASS
#   G     : DUT=0 REF=0 PASS
#   E     : DUT=0 REF=0 PASS
#   L     : DUT=0 REF=0 PASS
#   ERR   : DUT=0 REF=0 PASS
#   OPA   : DUT=0 REF=0 PASS
# --- ADD_MAX_MAX ---
#   RES   : DUT=254 REF=254 PASS
#   COUT  : DUT=1 REF=1 PASS
#   OFLOW : DUT=0 REF=0 PASS
#   G     : DUT=0 REF=0 PASS
#   E     : DUT=0 REF=0 PASS
#   L     : DUT=0 REF=0 PASS
#   ERR   : DUT=0 REF=0 PASS
#   OPA   : DUT=255 REF=255 PASS
# --- ADD_ZERO_MAX ---
#   RES   : DUT=255 REF=255 PASS
#   COUT  : DUT=0 REF=0 PASS
#   OFLOW : DUT=0 REF=0 PASS
#   G     : DUT=0 REF=0 PASS
#   E     : DUT=0 REF=0 PASS
#   L     : DUT=0 REF=0 PASS
#   ERR   : DUT=0 REF=0 PASS
#   OPA   : DUT=0 REF=255 PASS
# === SUB BOUNDARY ===
# --- SUB_MAX_MAX_ZERO ---
#   RES   : DUT=0 REF=0 PASS
#   COUT  : DUT=0 REF=0 PASS
#   OFLOW : DUT=0 REF=0 PASS
#   G     : DUT=0 REF=0 PASS
#   E     : DUT=0 REF=0 PASS
#   L     : DUT=0 REF=0 PASS
#   ERR   : DUT=0 REF=0 PASS
#   OPA   : DUT=255 REF=255 PASS
# --- SUB_MAX_ZERO ---
#   RES   : DUT=255 REF=255 PASS
#   COUT  : DUT=0 REF=0 PASS
#   OFLOW : DUT=0 REF=0 PASS
#   G     : DUT=0 REF=0 PASS
#   E     : DUT=0 REF=0 PASS
#   L     : DUT=0 REF=0 PASS
#   ERR   : DUT=0 REF=0 PASS
#   OPA   : DUT=255 REF=0 PASS
# --- SUB_ZERO_ZERO ---
#   RES   : DUT=0 REF=0 PASS
#   COUT  : DUT=0 REF=0 PASS
#   OFLOW : DUT=0 REF=0 PASS
#   G     : DUT=0 REF=0 PASS
#   E     : DUT=0 REF=0 PASS
#   L     : DUT=0 REF=0 PASS
#   ERR   : DUT=0 REF=0 PASS
#   OPA   : DUT=0 REF=0 PASS
# === ADD_CIN BOUNDARY ===
# --- DD_CIN_MAX_MAX_1 ---
#   RES   : DUT=255 REF=255 PASS
#   COUT  : DUT=1 REF=1 PASS
#   OFLOW : DUT=0 REF=0 PASS
#   G     : DUT=0 REF=0 PASS
#   E     : DUT=0 REF=0 PASS
#   L     : DUT=0 REF=0 PASS
#   ERR   : DUT=0 REF=0 PASS
#   OPA   : DUT=255 REF=255 PASS
# --- _CIN_ZERO_ZERO_0 ---
#   RES   : DUT=0 REF=0 PASS
#   COUT  : DUT=0 REF=0 PASS
#   OFLOW : DUT=0 REF=0 PASS
#   G     : DUT=0 REF=0 PASS
#   E     : DUT=0 REF=0 PASS
#   L     : DUT=0 REF=0 PASS
#   ERR   : DUT=0 REF=0 PASS
#   OPA   : DUT=0 REF=0 PASS
# --- _CIN_ZERO_ZERO_1 ---
#   RES   : DUT=1 REF=1 PASS
#   COUT  : DUT=0 REF=0 PASS
#   OFLOW : DUT=0 REF=0 PASS
#   G     : DUT=0 REF=0 PASS
#   E     : DUT=0 REF=0 PASS
#   L     : DUT=0 REF=0 PASS
#   ERR   : DUT=0 REF=0 PASS
#   OPA   : DUT=0 REF=0 PASS
# === SUB_CIN BOUNDARY ===
# --- _CIN_ZERO_ZERO_0 ---
#   RES   : DUT=0 REF=0 PASS
#   COUT  : DUT=0 REF=0 PASS
#   OFLOW : DUT=0 REF=0 PASS
#   G     : DUT=0 REF=0 PASS
#   E     : DUT=0 REF=0 PASS
#   L     : DUT=0 REF=0 PASS
#   ERR   : DUT=0 REF=0 PASS
#   OPA   : DUT=0 REF=0 PASS
# --- ERO_ZERO_1_UFLOW ---
#   RES   : DUT=255 REF=255 PASS
#   COUT  : DUT=0 REF=0 PASS
#   OFLOW : DUT=1 REF=0 FAIL
#   G     : DUT=0 REF=0 PASS
#   E     : DUT=0 REF=0 PASS
#   L     : DUT=0 REF=0 PASS
#   ERR   : DUT=0 REF=0 PASS
#   OPA   : DUT=0 REF=0 PASS
# --- B_CIN_MAX_ZERO_0 ---
#   RES   : DUT=255 REF=255 PASS
#   COUT  : DUT=0 REF=0 PASS
#   OFLOW : DUT=0 REF=0 PASS
#   G     : DUT=0 REF=0 PASS
#   E     : DUT=0 REF=0 PASS
#   L     : DUT=0 REF=0 PASS
#   ERR   : DUT=0 REF=0 PASS
#   OPA   : DUT=255 REF=0 PASS
# === INC DEC ALL INP_VALID ===
# --- INC_A_INV10_ERR ---
#   RES   : DUT=0 REF=0 PASS
#   COUT  : DUT=0 REF=0 PASS
#   OFLOW : DUT=0 REF=0 PASS
#   G     : DUT=0 REF=0 PASS
#   E     : DUT=0 REF=0 PASS
#   L     : DUT=0 REF=0 PASS
#   ERR   : DUT=1 REF=1 PASS
#   OPA   : DUT=5 REF=0 PASS
# --- DEC_A_INV10_ERR ---
#   RES   : DUT=0 REF=0 PASS
#   COUT  : DUT=0 REF=0 PASS
#   OFLOW : DUT=0 REF=0 PASS
#   G     : DUT=0 REF=0 PASS
#   E     : DUT=0 REF=0 PASS
#   L     : DUT=0 REF=0 PASS
#   ERR   : DUT=1 REF=1 PASS
#   OPA   : DUT=5 REF=0 PASS
# --- INC_B_INV01_ERR ---
#   RES   : DUT=0 REF=0 PASS
#   COUT  : DUT=0 REF=0 PASS
#   OFLOW : DUT=0 REF=0 PASS
#   G     : DUT=0 REF=0 PASS
#   E     : DUT=0 REF=0 PASS
#   L     : DUT=0 REF=0 PASS
#   ERR   : DUT=1 REF=1 PASS
#   OPA   : DUT=0 REF=3 PASS
# --- DEC_B_INV01_ERR ---
#   RES   : DUT=0 REF=0 PASS
#   COUT  : DUT=0 REF=0 PASS
#   OFLOW : DUT=0 REF=0 PASS
#   G     : DUT=0 REF=0 PASS
#   E     : DUT=0 REF=0 PASS
#   L     : DUT=0 REF=0 PASS
#   ERR   : DUT=1 REF=1 PASS
#   OPA   : DUT=0 REF=3 PASS
# === CMP BOUNDARY ===
# --- CMP_ZERO_ZERO ---
#   RES   : DUT=0 REF=0 PASS
#   COUT  : DUT=0 REF=0 PASS
#   OFLOW : DUT=0 REF=0 PASS
#   G     : DUT=0 REF=0 PASS
#   E     : DUT=1 REF=1 PASS
#   L     : DUT=0 REF=0 PASS
#   ERR   : DUT=0 REF=0 PASS
#   OPA   : DUT=0 REF=0 PASS
# --- CMP_MAX_MAX ---
#   RES   : DUT=0 REF=0 PASS
#   COUT  : DUT=0 REF=0 PASS
#   OFLOW : DUT=0 REF=0 PASS
#   G     : DUT=0 REF=0 PASS
#   E     : DUT=1 REF=1 PASS
#   L     : DUT=0 REF=0 PASS
#   ERR   : DUT=0 REF=0 PASS
#   OPA   : DUT=255 REF=255 PASS
# --- MP_ZERO_MAX_LESS ---
#   RES   : DUT=0 REF=0 PASS
#   COUT  : DUT=0 REF=0 PASS
#   OFLOW : DUT=0 REF=0 PASS
#   G     : DUT=0 REF=0 PASS
#   E     : DUT=0 REF=0 PASS
#   L     : DUT=1 REF=1 PASS
#   ERR   : DUT=0 REF=0 PASS
#   OPA   : DUT=0 REF=255 PASS
# --- MAX_ZERO_GREATER ---
#   RES   : DUT=0 REF=0 PASS
#   COUT  : DUT=0 REF=0 PASS
#   OFLOW : DUT=0 REF=0 PASS
#   G     : DUT=1 REF=1 PASS
#   E     : DUT=0 REF=0 PASS
#   L     : DUT=0 REF=0 PASS
#   ERR   : DUT=0 REF=0 PASS
#   OPA   : DUT=255 REF=0 PASS
# === MUL BOUNDARY ===
# --- MUL_ZERO_ZERO ---
#   RES   : DUT=1 REF=1 PASS
#   COUT  : DUT=0 REF=0 PASS
#   OFLOW : DUT=0 REF=0 PASS
#   G     : DUT=0 REF=0 PASS
#   E     : DUT=0 REF=0 PASS
#   L     : DUT=0 REF=0 PASS
#   ERR   : DUT=0 REF=0 PASS
# --- MUL_INC_ZERO ---
#   RES   : DUT=1 REF=1 PASS
#   COUT  : DUT=0 REF=0 PASS
#   OFLOW : DUT=0 REF=0 PASS
#   G     : DUT=0 REF=0 PASS
#   E     : DUT=0 REF=0 PASS
#   L     : DUT=0 REF=0 PASS
#   ERR   : DUT=0 REF=0 PASS
# --- MUL_MAX_MAX ---
#   RES   : DUT=0 REF=0 PASS
#   COUT  : DUT=0 REF=0 PASS
#   OFLOW : DUT=0 REF=0 PASS
#   G     : DUT=0 REF=0 PASS
#   E     : DUT=0 REF=0 PASS
#   L     : DUT=0 REF=0 PASS
#   ERR   : DUT=0 REF=0 PASS
# === MUL_SHL BOUNDARY ===
# --- UL_SHL_ZERO_ZERO ---
#   RES   : DUT=0 REF=0 PASS
#   COUT  : DUT=0 REF=0 PASS
#   OFLOW : DUT=0 REF=0 PASS
#   G     : DUT=0 REF=0 PASS
#   E     : DUT=0 REF=0 PASS
#   L     : DUT=0 REF=0 PASS
#   ERR   : DUT=0 REF=0 PASS
# --- MUL_SHL_ONE_ONE ---
#   RES   : DUT=2 REF=2 PASS
#   COUT  : DUT=0 REF=0 PASS
#   OFLOW : DUT=0 REF=0 PASS
#   G     : DUT=0 REF=0 PASS
#   E     : DUT=0 REF=0 PASS
#   L     : DUT=0 REF=0 PASS
#   ERR   : DUT=0 REF=0 PASS
# === SIGNED ADD BOUNDARY ===
# --- SADD_ZERO_ZERO ---
#   RES   : DUT=0 REF=0 PASS
#   COUT  : DUT=0 REF=0 PASS
#   OFLOW : DUT=0 REF=0 PASS
#   G     : DUT=0 REF=0 PASS
#   E     : DUT=0 REF=1 FAIL
#   L     : DUT=0 REF=0 PASS
#   ERR   : DUT=0 REF=0 PASS
#   OPA   : DUT=0 REF=0 PASS
# --- SADD_NEG_NEG ---
#   RES   : DUT=254 REF=65534 FAIL
#   COUT  : DUT=0 REF=0 PASS
#   OFLOW : DUT=0 REF=0 PASS
#   G     : DUT=0 REF=0 PASS
#   E     : DUT=0 REF=1 FAIL
#   L     : DUT=0 REF=0 PASS
#   ERR   : DUT=0 REF=0 PASS
#   OPA   : DUT=255 REF=255 PASS
# --- ADD_POS_NEG_ZERO ---
#   RES   : DUT=255 REF=65535 FAIL
#   COUT  : DUT=0 REF=0 PASS
#   OFLOW : DUT=0 REF=0 PASS
#   G     : DUT=0 REF=1 FAIL
#   E     : DUT=0 REF=0 PASS
#   L     : DUT=0 REF=0 PASS
#   ERR   : DUT=0 REF=0 PASS
#   OPA   : DUT=127 REF=128 PASS
# === SIGNED SUB BOUNDARY ===
# --- SSUB_ZERO_ZERO ---
#   RES   : DUT=0 REF=0 PASS
#   COUT  : DUT=0 REF=0 PASS
#   OFLOW : DUT=0 REF=0 PASS
#   G     : DUT=0 REF=0 PASS
#   E     : DUT=0 REF=1 FAIL
#   L     : DUT=0 REF=0 PASS
#   ERR   : DUT=0 REF=0 PASS
#   OPA   : DUT=0 REF=0 PASS
# --- MINNEG_ONE_OFLOW ---
#   RES   : DUT=127 REF=65407 FAIL
#   COUT  : DUT=0 REF=0 PASS
#   OFLOW : DUT=1 REF=1 PASS
#   G     : DUT=0 REF=0 PASS
#   E     : DUT=0 REF=0 PASS
#   L     : DUT=0 REF=1 FAIL
#   ERR   : DUT=0 REF=0 PASS
#   OPA   : DUT=128 REF=1 PASS
# --- SSUB_EQUAL ---
#   RES   : DUT=0 REF=0 PASS
#   COUT  : DUT=0 REF=0 PASS
#   OFLOW : DUT=0 REF=0 PASS
#   G     : DUT=0 REF=0 PASS
#   E     : DUT=0 REF=1 FAIL
#   L     : DUT=0 REF=0 PASS
#   ERR   : DUT=0 REF=0 PASS
#   OPA   : DUT=4 REF=4 PASS
# === SIGNED INP_VALID ERR ===
# --- SADD_INV00_ERR ---
#   RES   : DUT=0 REF=0 PASS
#   COUT  : DUT=0 REF=0 PASS
#   OFLOW : DUT=0 REF=0 PASS
#   G     : DUT=0 REF=0 PASS
#   E     : DUT=0 REF=0 PASS
#   L     : DUT=0 REF=0 PASS
#   ERR   : DUT=1 REF=1 PASS
#   OPA   : DUT=5 REF=3 PASS
# --- SADD_INV01_ERR ---
#   RES   : DUT=0 REF=0 PASS
#   COUT  : DUT=0 REF=0 PASS
#   OFLOW : DUT=0 REF=0 PASS
#   G     : DUT=0 REF=0 PASS
#   E     : DUT=0 REF=0 PASS
#   L     : DUT=0 REF=0 PASS
#   ERR   : DUT=1 REF=1 PASS
#   OPA   : DUT=5 REF=3 PASS
# --- SADD_INV10_ERR ---
#   RES   : DUT=0 REF=0 PASS
#   COUT  : DUT=0 REF=0 PASS
#   OFLOW : DUT=0 REF=0 PASS
#   G     : DUT=0 REF=0 PASS
#   E     : DUT=0 REF=0 PASS
#   L     : DUT=0 REF=0 PASS
#   ERR   : DUT=1 REF=1 PASS
#   OPA   : DUT=5 REF=3 PASS
# --- SSUB_INV00_ERR ---
#   RES   : DUT=0 REF=0 PASS
#   COUT  : DUT=0 REF=0 PASS
#   OFLOW : DUT=0 REF=0 PASS
#   G     : DUT=0 REF=0 PASS
#   E     : DUT=0 REF=0 PASS
#   L     : DUT=0 REF=0 PASS
#   ERR   : DUT=1 REF=1 PASS
#   OPA   : DUT=5 REF=3 PASS
# --- SSUB_INV01_ERR ---
#   RES   : DUT=0 REF=0 PASS
#   COUT  : DUT=0 REF=0 PASS
#   OFLOW : DUT=0 REF=0 PASS
#   G     : DUT=0 REF=0 PASS
#   E     : DUT=0 REF=0 PASS
#   L     : DUT=0 REF=0 PASS
#   ERR   : DUT=1 REF=1 PASS
#   OPA   : DUT=5 REF=3 PASS
# --- SSUB_INV10_ERR ---
#   RES   : DUT=0 REF=0 PASS
#   COUT  : DUT=0 REF=0 PASS
#   OFLOW : DUT=0 REF=0 PASS
#   G     : DUT=0 REF=0 PASS
#   E     : DUT=0 REF=0 PASS
#   L     : DUT=0 REF=0 PASS
#   ERR   : DUT=1 REF=1 PASS
#   OPA   : DUT=5 REF=3 PASS
# === MUL INP_VALID ERR ===
# --- MUL_INV00_ERR ---
#   RES   : DUT=0 REF=0 PASS
#   COUT  : DUT=0 REF=0 PASS
#   OFLOW : DUT=0 REF=0 PASS
#   G     : DUT=0 REF=0 PASS
#   E     : DUT=0 REF=0 PASS
#   L     : DUT=0 REF=0 PASS
#   ERR   : DUT=1 REF=1 PASS
# --- MUL_INV01_ERR ---
#   RES   : DUT=0 REF=0 PASS
#   COUT  : DUT=0 REF=0 PASS
#   OFLOW : DUT=0 REF=0 PASS
#   G     : DUT=0 REF=0 PASS
#   E     : DUT=0 REF=0 PASS
#   L     : DUT=0 REF=0 PASS
#   ERR   : DUT=1 REF=1 PASS
# --- MUL_INV10_ERR ---
#   RES   : DUT=0 REF=0 PASS
#   COUT  : DUT=0 REF=0 PASS
#   OFLOW : DUT=0 REF=0 PASS
#   G     : DUT=0 REF=0 PASS
#   E     : DUT=0 REF=0 PASS
#   L     : DUT=0 REF=0 PASS
#   ERR   : DUT=1 REF=1 PASS
# --- MULSHL_INV00_ERR ---
#   RES   : DUT=0 REF=0 PASS
#   COUT  : DUT=0 REF=0 PASS
#   OFLOW : DUT=0 REF=0 PASS
#   G     : DUT=0 REF=0 PASS
#   E     : DUT=0 REF=0 PASS
#   L     : DUT=0 REF=0 PASS
#   ERR   : DUT=1 REF=1 PASS
# --- MULSHL_INV01_ERR ---
#   RES   : DUT=0 REF=0 PASS
#   COUT  : DUT=0 REF=0 PASS
#   OFLOW : DUT=0 REF=0 PASS
#   G     : DUT=0 REF=0 PASS
#   E     : DUT=0 REF=0 PASS
#   L     : DUT=0 REF=0 PASS
#   ERR   : DUT=1 REF=1 PASS
# --- MULSHL_INV10_ERR ---
#   RES   : DUT=0 REF=0 PASS
#   COUT  : DUT=0 REF=0 PASS
#   OFLOW : DUT=0 REF=0 PASS
#   G     : DUT=0 REF=0 PASS
#   E     : DUT=0 REF=0 PASS
#   L     : DUT=0 REF=0 PASS
#   ERR   : DUT=1 REF=1 PASS
# === LOGIC BOUNDARY ===
# --- AND_ZERO_ZERO ---
#   RES   : DUT=0 REF=1 FAIL
#   COUT  : DUT=0 REF=0 PASS
#   OFLOW : DUT=0 REF=0 PASS
#   G     : DUT=0 REF=0 PASS
#   E     : DUT=0 REF=0 PASS
#   L     : DUT=0 REF=0 PASS
#   ERR   : DUT=0 REF=0 PASS
#   OPA   : DUT=0 REF=0 PASS
# --- OR_ZERO_ZERO ---
#   RES   : DUT=0 REF=0 PASS
#   COUT  : DUT=0 REF=0 PASS
#   OFLOW : DUT=0 REF=0 PASS
#   G     : DUT=0 REF=0 PASS
#   E     : DUT=0 REF=0 PASS
#   L     : DUT=0 REF=0 PASS
#   ERR   : DUT=0 REF=0 PASS
#   OPA   : DUT=0 REF=0 PASS
# --- XOR_ZERO_ZERO ---
#   RES   : DUT=0 REF=0 PASS
#   COUT  : DUT=0 REF=0 PASS
#   OFLOW : DUT=0 REF=0 PASS
#   G     : DUT=0 REF=0 PASS
#   E     : DUT=0 REF=0 PASS
#   L     : DUT=0 REF=0 PASS
#   ERR   : DUT=0 REF=0 PASS
#   OPA   : DUT=0 REF=0 PASS
# --- AND_MAX_MAX ---
#   RES   : DUT=255 REF=255 PASS
#   COUT  : DUT=0 REF=0 PASS
#   OFLOW : DUT=0 REF=0 PASS
#   G     : DUT=0 REF=0 PASS
#   E     : DUT=0 REF=0 PASS
#   L     : DUT=0 REF=0 PASS
#   ERR   : DUT=0 REF=0 PASS
#   OPA   : DUT=255 REF=255 PASS
# --- OR_MAX_MAX ---
#   RES   : DUT=255 REF=255 PASS
#   COUT  : DUT=0 REF=0 PASS
#   OFLOW : DUT=0 REF=0 PASS
#   G     : DUT=0 REF=0 PASS
#   E     : DUT=0 REF=0 PASS
#   L     : DUT=0 REF=0 PASS
#   ERR   : DUT=0 REF=0 PASS
#   OPA   : DUT=255 REF=255 PASS
# --- XOR_MAX_MAX_ZERO ---
#   RES   : DUT=0 REF=0 PASS
#   COUT  : DUT=0 REF=0 PASS
#   OFLOW : DUT=0 REF=0 PASS
#   G     : DUT=0 REF=0 PASS
#   E     : DUT=0 REF=0 PASS
#   L     : DUT=0 REF=0 PASS
#   ERR   : DUT=0 REF=0 PASS
#   OPA   : DUT=255 REF=255 PASS
# --- AND_MAX_ZERO ---
#   RES   : DUT=0 REF=0 PASS
#   COUT  : DUT=0 REF=0 PASS
#   OFLOW : DUT=0 REF=0 PASS
#   G     : DUT=0 REF=0 PASS
#   E     : DUT=0 REF=0 PASS
#   L     : DUT=0 REF=0 PASS
#   ERR   : DUT=0 REF=0 PASS
#   OPA   : DUT=255 REF=0 PASS
# --- OR_MAX_ZERO ---
#   RES   : DUT=255 REF=255 PASS
#   COUT  : DUT=0 REF=0 PASS
#   OFLOW : DUT=0 REF=0 PASS
#   G     : DUT=0 REF=0 PASS
#   E     : DUT=0 REF=0 PASS
#   L     : DUT=0 REF=0 PASS
#   ERR   : DUT=0 REF=0 PASS
#   OPA   : DUT=255 REF=0 PASS
# --- XOR_MAX_ZERO ---
#   RES   : DUT=255 REF=255 PASS
#   COUT  : DUT=0 REF=0 PASS
#   OFLOW : DUT=0 REF=0 PASS
#   G     : DUT=0 REF=0 PASS
#   E     : DUT=0 REF=0 PASS
#   L     : DUT=0 REF=0 PASS
#   ERR   : DUT=0 REF=0 PASS
#   OPA   : DUT=255 REF=0 PASS
# === NOT BOUNDARY ===
# --- NOT_A_ZERO ---
#   RES   : DUT=65535 REF=65535 PASS
#   COUT  : DUT=0 REF=0 PASS
#   OFLOW : DUT=0 REF=0 PASS
#   G     : DUT=0 REF=0 PASS
#   E     : DUT=0 REF=0 PASS
#   L     : DUT=0 REF=0 PASS
#   ERR   : DUT=0 REF=0 PASS
#   OPA   : DUT=0 REF=0 PASS
# --- NOT_B_ZERO ---
#   RES   : DUT=65535 REF=65535 PASS
#   COUT  : DUT=0 REF=0 PASS
#   OFLOW : DUT=0 REF=0 PASS
#   G     : DUT=0 REF=0 PASS
#   E     : DUT=0 REF=0 PASS
#   L     : DUT=0 REF=0 PASS
#   ERR   : DUT=0 REF=0 PASS
#   OPA   : DUT=0 REF=0 PASS
# --- NOT_A_MAX ---
#   RES   : DUT=65280 REF=65280 PASS
#   COUT  : DUT=0 REF=0 PASS
#   OFLOW : DUT=0 REF=0 PASS
#   G     : DUT=0 REF=0 PASS
#   E     : DUT=0 REF=0 PASS
#   L     : DUT=0 REF=0 PASS
#   ERR   : DUT=0 REF=0 PASS
#   OPA   : DUT=255 REF=0 PASS
# --- NOT_B_MAX ---
#   RES   : DUT=65280 REF=65280 PASS
#   COUT  : DUT=0 REF=0 PASS
#   OFLOW : DUT=0 REF=0 PASS
#   G     : DUT=0 REF=0 PASS
#   E     : DUT=0 REF=0 PASS
#   L     : DUT=0 REF=0 PASS
#   ERR   : DUT=0 REF=0 PASS
#   OPA   : DUT=0 REF=255 PASS
# === SHIFT BOUNDARY ===
# --- SHR_A_ZERO ---
#   RES   : DUT=0 REF=0 PASS
#   COUT  : DUT=0 REF=0 PASS
#   OFLOW : DUT=0 REF=0 PASS
#   G     : DUT=0 REF=0 PASS
#   E     : DUT=0 REF=0 PASS
#   L     : DUT=0 REF=0 PASS
#   ERR   : DUT=0 REF=0 PASS
#   OPA   : DUT=0 REF=0 PASS
# --- SHL_A_ZERO ---
#   RES   : DUT=0 REF=0 PASS
#   COUT  : DUT=0 REF=0 PASS
#   OFLOW : DUT=0 REF=0 PASS
#   G     : DUT=0 REF=0 PASS
#   E     : DUT=0 REF=0 PASS
#   L     : DUT=0 REF=0 PASS
#   ERR   : DUT=0 REF=0 PASS
#   OPA   : DUT=0 REF=0 PASS
# --- SHR_A_ONE ---
#   RES   : DUT=0 REF=0 PASS
#   COUT  : DUT=0 REF=0 PASS
#   OFLOW : DUT=0 REF=0 PASS
#   G     : DUT=0 REF=0 PASS
#   E     : DUT=0 REF=0 PASS
#   L     : DUT=0 REF=0 PASS
#   ERR   : DUT=0 REF=0 PASS
#   OPA   : DUT=1 REF=0 PASS
# --- SHL_A_MAX ---
#   RES   : DUT=510 REF=254 FAIL
#   COUT  : DUT=0 REF=0 PASS
#   OFLOW : DUT=0 REF=0 PASS
#   G     : DUT=0 REF=0 PASS
#   E     : DUT=0 REF=0 PASS
#   L     : DUT=0 REF=0 PASS
#   ERR   : DUT=0 REF=0 PASS
#   OPA   : DUT=255 REF=0 PASS
# --- SHR_B_ZERO ---
#   RES   : DUT=0 REF=0 PASS
#   COUT  : DUT=0 REF=0 PASS
#   OFLOW : DUT=0 REF=0 PASS
#   G     : DUT=0 REF=0 PASS
#   E     : DUT=0 REF=0 PASS
#   L     : DUT=0 REF=0 PASS
#   ERR   : DUT=0 REF=0 PASS
#   OPA   : DUT=0 REF=0 PASS
# --- SHL_B_ZERO ---
#   RES   : DUT=0 REF=0 PASS
#   COUT  : DUT=0 REF=0 PASS
#   OFLOW : DUT=0 REF=0 PASS
#   G     : DUT=0 REF=0 PASS
#   E     : DUT=0 REF=0 PASS
#   L     : DUT=0 REF=0 PASS
#   ERR   : DUT=0 REF=0 PASS
#   OPA   : DUT=0 REF=0 PASS
# --- SHR_B_ONE ---
#   RES   : DUT=0 REF=0 PASS
#   COUT  : DUT=0 REF=0 PASS
#   OFLOW : DUT=0 REF=0 PASS
#   G     : DUT=0 REF=0 PASS
#   E     : DUT=0 REF=0 PASS
#   L     : DUT=0 REF=0 PASS
#   ERR   : DUT=0 REF=0 PASS
#   OPA   : DUT=0 REF=1 PASS
# --- SHL_B_MAX ---
#   RES   : DUT=510 REF=254 FAIL
#   COUT  : DUT=0 REF=0 PASS
#   OFLOW : DUT=0 REF=0 PASS
#   G     : DUT=0 REF=0 PASS
#   E     : DUT=0 REF=0 PASS
#   L     : DUT=0 REF=0 PASS
#   ERR   : DUT=0 REF=0 PASS
#   OPA   : DUT=0 REF=255 PASS
# === ROL ROR BOUNDARY ===
# --- ROL_BY_0_SAME ---
#   RES   : DUT=10 REF=10 PASS
#   COUT  : DUT=0 REF=0 PASS
#   OFLOW : DUT=0 REF=0 PASS
#   G     : DUT=0 REF=0 PASS
#   E     : DUT=0 REF=0 PASS
#   L     : DUT=0 REF=0 PASS
#   ERR   : DUT=0 REF=0 PASS
#   OPA   : DUT=10 REF=0 PASS
# --- ROR_BY_0_SAME ---
#   RES   : DUT=10 REF=10 PASS
#   COUT  : DUT=0 REF=0 PASS
#   OFLOW : DUT=0 REF=0 PASS
#   G     : DUT=0 REF=0 PASS
#   E     : DUT=0 REF=0 PASS
#   L     : DUT=0 REF=0 PASS
#   ERR   : DUT=0 REF=0 PASS
#   OPA   : DUT=10 REF=0 PASS
# --- ROL_ZERO_OPA ---
#   RES   : DUT=0 REF=0 PASS
#   COUT  : DUT=0 REF=0 PASS
#   OFLOW : DUT=0 REF=0 PASS
#   G     : DUT=0 REF=0 PASS
#   E     : DUT=0 REF=0 PASS
#   L     : DUT=0 REF=0 PASS
#   ERR   : DUT=0 REF=0 PASS
#   OPA   : DUT=0 REF=3 PASS
# --- ROR_ZERO_OPA ---
#   RES   : DUT=0 REF=0 PASS
#   COUT  : DUT=0 REF=0 PASS
#   OFLOW : DUT=0 REF=0 PASS
#   G     : DUT=0 REF=0 PASS
#   E     : DUT=0 REF=0 PASS
#   L     : DUT=0 REF=0 PASS
#   ERR   : DUT=0 REF=0 PASS
#   OPA   : DUT=0 REF=3 PASS
# --- ROL_MAX_OPA ---
#   RES   : DUT=255 REF=255 PASS
#   COUT  : DUT=0 REF=0 PASS
#   OFLOW : DUT=0 REF=0 PASS
#   G     : DUT=0 REF=0 PASS
#   E     : DUT=0 REF=0 PASS
#   L     : DUT=0 REF=0 PASS
#   ERR   : DUT=0 REF=0 PASS
#   OPA   : DUT=255 REF=3 PASS
# --- ROR_MAX_OPA ---
#   RES   : DUT=255 REF=255 PASS
#   COUT  : DUT=0 REF=0 PASS
#   OFLOW : DUT=0 REF=0 PASS
#   G     : DUT=0 REF=0 PASS
#   E     : DUT=0 REF=0 PASS
#   L     : DUT=0 REF=0 PASS
#   ERR   : DUT=0 REF=0 PASS
#   OPA   : DUT=255 REF=3 PASS
# --- OL_BY_WIDTH_SAME ---
#   RES   : DUT=10 REF=10 PASS
#   COUT  : DUT=0 REF=0 PASS
#   OFLOW : DUT=0 REF=0 PASS
#   G     : DUT=0 REF=0 PASS
#   E     : DUT=0 REF=0 PASS
#   L     : DUT=0 REF=0 PASS
#   ERR   : DUT=0 REF=0 PASS
#   OPA   : DUT=10 REF=8 PASS
# --- OR_BY_WIDTH_SAME ---
#   RES   : DUT=10 REF=10 PASS
#   COUT  : DUT=0 REF=0 PASS
#   OFLOW : DUT=0 REF=0 PASS
#   G     : DUT=0 REF=0 PASS
#   E     : DUT=0 REF=0 PASS
#   L     : DUT=0 REF=0 PASS
#   ERR   : DUT=0 REF=0 PASS
#   OPA   : DUT=10 REF=8 PASS
# === ROL ROR ALL SHIFTS ===
# --- ROL_1011_BY_1 ---
#   RES   : DUT=22 REF=22 PASS
#   COUT  : DUT=0 REF=0 PASS
#   OFLOW : DUT=0 REF=0 PASS
#   G     : DUT=0 REF=0 PASS
#   E     : DUT=0 REF=0 PASS
#   L     : DUT=0 REF=0 PASS
#   ERR   : DUT=0 REF=0 PASS
#   OPA   : DUT=11 REF=1 PASS
# --- ROL_1011_BY_2 ---
#   RES   : DUT=44 REF=44 PASS
#   COUT  : DUT=0 REF=0 PASS
#   OFLOW : DUT=0 REF=0 PASS
#   G     : DUT=0 REF=0 PASS
#   E     : DUT=0 REF=0 PASS
#   L     : DUT=0 REF=0 PASS
#   ERR   : DUT=0 REF=0 PASS
#   OPA   : DUT=11 REF=2 PASS
# --- ROL_1011_BY_5 ---
#   RES   : DUT=97 REF=97 PASS
#   COUT  : DUT=0 REF=0 PASS
#   OFLOW : DUT=0 REF=0 PASS
#   G     : DUT=0 REF=0 PASS
#   E     : DUT=0 REF=0 PASS
#   L     : DUT=0 REF=0 PASS
#   ERR   : DUT=0 REF=0 PASS
#   OPA   : DUT=11 REF=5 PASS
# --- ROL_1011_BY_6 ---
#   RES   : DUT=194 REF=194 PASS
#   COUT  : DUT=0 REF=0 PASS
#   OFLOW : DUT=0 REF=0 PASS
#   G     : DUT=0 REF=0 PASS
#   E     : DUT=0 REF=0 PASS
#   L     : DUT=0 REF=0 PASS
#   ERR   : DUT=0 REF=0 PASS
#   OPA   : DUT=11 REF=6 PASS
# --- ROR_1011_BY_1 ---
#   RES   : DUT=133 REF=133 PASS
#   COUT  : DUT=0 REF=0 PASS
#   OFLOW : DUT=0 REF=0 PASS
#   G     : DUT=0 REF=0 PASS
#   E     : DUT=0 REF=0 PASS
#   L     : DUT=0 REF=0 PASS
#   ERR   : DUT=0 REF=0 PASS
#   OPA   : DUT=11 REF=1 PASS
# --- ROR_1011_BY_5 ---
#   RES   : DUT=88 REF=88 PASS
#   COUT  : DUT=0 REF=0 PASS
#   OFLOW : DUT=0 REF=0 PASS
#   G     : DUT=0 REF=0 PASS
#   E     : DUT=0 REF=0 PASS
#   L     : DUT=0 REF=0 PASS
#   ERR   : DUT=0 REF=0 PASS
#   OPA   : DUT=11 REF=5 PASS
# --- ROR_1011_BY_6 ---
#   RES   : DUT=44 REF=44 PASS
#   COUT  : DUT=0 REF=0 PASS
#   OFLOW : DUT=0 REF=0 PASS
#   G     : DUT=0 REF=0 PASS
#   E     : DUT=0 REF=0 PASS
#   L     : DUT=0 REF=0 PASS
#   ERR   : DUT=0 REF=0 PASS
#   OPA   : DUT=11 REF=6 PASS
# === NAND NOR XNOR BOUNDARY ===
# --- NAND_ZERO_ZERO ---
#   RES   : DUT=65535 REF=65535 PASS
#   COUT  : DUT=0 REF=0 PASS
#   OFLOW : DUT=0 REF=0 PASS
#   G     : DUT=0 REF=0 PASS
#   E     : DUT=0 REF=0 PASS
#   L     : DUT=0 REF=0 PASS
#   ERR   : DUT=0 REF=0 PASS
#   OPA   : DUT=0 REF=0 PASS
# --- NAND_MAX_MAX ---
#   RES   : DUT=65280 REF=65280 PASS
#   COUT  : DUT=0 REF=0 PASS
#   OFLOW : DUT=0 REF=0 PASS
#   G     : DUT=0 REF=0 PASS
#   E     : DUT=0 REF=0 PASS
#   L     : DUT=0 REF=0 PASS
#   ERR   : DUT=0 REF=0 PASS
#   OPA   : DUT=255 REF=255 PASS
# --- NOR_ZERO_ZERO ---
#   RES   : DUT=65535 REF=65535 PASS
#   COUT  : DUT=0 REF=0 PASS
#   OFLOW : DUT=0 REF=0 PASS
#   G     : DUT=0 REF=0 PASS
#   E     : DUT=0 REF=0 PASS
#   L     : DUT=0 REF=0 PASS
#   ERR   : DUT=0 REF=0 PASS
#   OPA   : DUT=0 REF=0 PASS
# --- NOR_MAX_MAX ---
#   RES   : DUT=65280 REF=65280 PASS
#   COUT  : DUT=0 REF=0 PASS
#   OFLOW : DUT=0 REF=0 PASS
#   G     : DUT=0 REF=0 PASS
#   E     : DUT=0 REF=0 PASS
#   L     : DUT=0 REF=0 PASS
#   ERR   : DUT=0 REF=0 PASS
#   OPA   : DUT=255 REF=255 PASS
# --- XNOR_ZERO_ZERO ---
#   RES   : DUT=65535 REF=65535 PASS
#   COUT  : DUT=0 REF=0 PASS
#   OFLOW : DUT=0 REF=0 PASS
#   G     : DUT=0 REF=0 PASS
#   E     : DUT=0 REF=0 PASS
#   L     : DUT=0 REF=0 PASS
#   ERR   : DUT=0 REF=0 PASS
#   OPA   : DUT=0 REF=0 PASS
# --- XNOR_MAX_MAX ---
#   RES   : DUT=65535 REF=65535 PASS
#   COUT  : DUT=0 REF=0 PASS
#   OFLOW : DUT=0 REF=0 PASS
#   G     : DUT=0 REF=0 PASS
#   E     : DUT=0 REF=0 PASS
#   L     : DUT=0 REF=0 PASS
#   ERR   : DUT=0 REF=0 PASS
#   OPA   : DUT=255 REF=255 PASS
# === MODE SWITCH ===
# --- MODE_ARITH_ADD ---
#   RES   : DUT=8 REF=8 PASS
#   COUT  : DUT=0 REF=0 PASS
#   OFLOW : DUT=0 REF=0 PASS
#   G     : DUT=0 REF=0 PASS
#   E     : DUT=0 REF=0 PASS
#   L     : DUT=0 REF=0 PASS
#   ERR   : DUT=0 REF=0 PASS
#   OPA   : DUT=5 REF=3 PASS
# --- GIC_AND_SAME_CMD ---
#   RES   : DUT=1 REF=1 PASS
#   COUT  : DUT=0 REF=0 PASS
#   OFLOW : DUT=0 REF=0 PASS
#   G     : DUT=0 REF=0 PASS
#   E     : DUT=0 REF=0 PASS
#   L     : DUT=0 REF=0 PASS
#   ERR   : DUT=0 REF=0 PASS
#   OPA   : DUT=5 REF=3 PASS
# --- DE_BACK_TO_ARITH ---
#   RES   : DUT=8 REF=8 PASS
#   COUT  : DUT=0 REF=0 PASS
#   OFLOW : DUT=0 REF=0 PASS
#   G     : DUT=0 REF=0 PASS
#   E     : DUT=0 REF=0 PASS
#   L     : DUT=0 REF=0 PASS
#   ERR   : DUT=0 REF=0 PASS
#   OPA   : DUT=5 REF=3 PASS
# === CIN TOGGLE ===
# --- ADD_CIN0 ---
#   RES   : DUT=8 REF=8 PASS
#   COUT  : DUT=0 REF=0 PASS
#   OFLOW : DUT=0 REF=0 PASS
#   G     : DUT=0 REF=0 PASS
#   E     : DUT=0 REF=0 PASS
#   L     : DUT=0 REF=0 PASS
#   ERR   : DUT=0 REF=0 PASS
#   OPA   : DUT=5 REF=3 PASS
# --- ADD_CIN1 ---
#   RES   : DUT=9 REF=9 PASS
#   COUT  : DUT=0 REF=0 PASS
#   OFLOW : DUT=0 REF=0 PASS
#   G     : DUT=0 REF=0 PASS
#   E     : DUT=0 REF=0 PASS
#   L     : DUT=0 REF=0 PASS
#   ERR   : DUT=0 REF=0 PASS
#   OPA   : DUT=5 REF=3 PASS
# --- SUB_CIN0 ---
#   RES   : DUT=2 REF=2 PASS
#   COUT  : DUT=0 REF=0 PASS
#   OFLOW : DUT=0 REF=0 PASS
#   G     : DUT=0 REF=0 PASS
#   E     : DUT=0 REF=0 PASS
#   L     : DUT=0 REF=0 PASS
#   ERR   : DUT=0 REF=0 PASS
#   OPA   : DUT=5 REF=3 PASS
# --- SUB_CIN1 ---
#   RES   : DUT=1 REF=1 PASS
#   COUT  : DUT=0 REF=0 PASS
#   OFLOW : DUT=0 REF=0 PASS
#   G     : DUT=0 REF=0 PASS
#   E     : DUT=0 REF=0 PASS
#   L     : DUT=0 REF=0 PASS
#   ERR   : DUT=0 REF=0 PASS
#   OPA   : DUT=5 REF=3 PASS
# === SIGNED ADD OVERFLOW ===
# --- ADD_POSPOS_OFLOW ---
#   RES   : DUT=254 REF=254 PASS
#   COUT  : DUT=0 REF=0 PASS
#   OFLOW : DUT=1 REF=1 PASS
#   G     : DUT=0 REF=0 PASS
#   E     : DUT=0 REF=1 FAIL
#   L     : DUT=0 REF=0 PASS
#   ERR   : DUT=0 REF=0 PASS
#   OPA   : DUT=127 REF=127 PASS
# --- MAXPOS_ONE_OFLOW ---
#   RES   : DUT=128 REF=128 PASS
#   COUT  : DUT=0 REF=0 PASS
#   OFLOW : DUT=1 REF=1 PASS
#   G     : DUT=0 REF=1 FAIL
#   E     : DUT=0 REF=0 PASS
#   L     : DUT=0 REF=0 PASS
#   ERR   : DUT=0 REF=0 PASS
#   OPA   : DUT=127 REF=1 PASS
# --- ADD_NEGNEG_OFLOW ---
#   RES   : DUT=0 REF=65280 FAIL
#   COUT  : DUT=0 REF=0 PASS
#   OFLOW : DUT=1 REF=1 PASS
#   G     : DUT=0 REF=0 PASS
#   E     : DUT=0 REF=1 FAIL
#   L     : DUT=0 REF=0 PASS
#   ERR   : DUT=0 REF=0 PASS
#   OPA   : DUT=128 REF=128 PASS
# --- INNEG_NEG1_OFLOW ---
#   RES   : DUT=127 REF=65407 FAIL
#   COUT  : DUT=0 REF=0 PASS
#   OFLOW : DUT=1 REF=1 PASS
#   G     : DUT=0 REF=0 PASS
#   E     : DUT=0 REF=0 PASS
#   L     : DUT=0 REF=1 FAIL
#   ERR   : DUT=0 REF=0 PASS
#   OPA   : DUT=128 REF=255 PASS
# --- POS_ZERO_NOOFLOW ---
#   RES   : DUT=127 REF=127 PASS
#   COUT  : DUT=0 REF=0 PASS
#   OFLOW : DUT=0 REF=0 PASS
#   G     : DUT=0 REF=1 FAIL
#   E     : DUT=0 REF=0 PASS
#   L     : DUT=0 REF=0 PASS
#   ERR   : DUT=0 REF=0 PASS
#   OPA   : DUT=127 REF=0 PASS
# --- NEG_ZERO_NOOFLOW ---
#   RES   : DUT=128 REF=65408 FAIL
#   COUT  : DUT=0 REF=0 PASS
#   OFLOW : DUT=0 REF=0 PASS
#   G     : DUT=0 REF=0 PASS
#   E     : DUT=0 REF=0 PASS
#   L     : DUT=0 REF=1 FAIL
#   ERR   : DUT=0 REF=0 PASS
#   OPA   : DUT=128 REF=0 PASS
# === SIGNED SUB OVERFLOW ===
# --- POS_MINNEG_OFLOW ---
#   RES   : DUT=255 REF=255 PASS
#   COUT  : DUT=0 REF=0 PASS
#   OFLOW : DUT=1 REF=1 PASS
#   G     : DUT=0 REF=1 FAIL
#   E     : DUT=0 REF=0 PASS
#   L     : DUT=0 REF=0 PASS
#   ERR   : DUT=0 REF=0 PASS
#   OPA   : DUT=127 REF=128 PASS
# --- AXPOS_NEG1_OFLOW ---
#   RES   : DUT=128 REF=128 PASS
#   COUT  : DUT=0 REF=0 PASS
#   OFLOW : DUT=1 REF=1 PASS
#   G     : DUT=0 REF=1 FAIL
#   E     : DUT=0 REF=0 PASS
#   L     : DUT=0 REF=0 PASS
#   ERR   : DUT=0 REF=0 PASS
#   OPA   : DUT=127 REF=255 PASS
# --- MINNEG_ONE_OFLOW ---
#   RES   : DUT=127 REF=65407 FAIL
#   COUT  : DUT=0 REF=0 PASS
#   OFLOW : DUT=1 REF=1 PASS
#   G     : DUT=0 REF=0 PASS
#   E     : DUT=0 REF=0 PASS
#   L     : DUT=0 REF=1 FAIL
#   ERR   : DUT=0 REF=0 PASS
#   OPA   : DUT=128 REF=1 PASS
# --- NEG_MAXPOS_OFLOW ---
#   RES   : DUT=1 REF=65281 FAIL
#   COUT  : DUT=0 REF=0 PASS
#   OFLOW : DUT=1 REF=1 PASS
#   G     : DUT=0 REF=0 PASS
#   E     : DUT=0 REF=0 PASS
#   L     : DUT=0 REF=1 FAIL
#   ERR   : DUT=0 REF=0 PASS
#   OPA   : DUT=128 REF=127 PASS
# --- POS_ZERO_NOOFLOW ---
#   RES   : DUT=127 REF=127 PASS
#   COUT  : DUT=0 REF=0 PASS
#   OFLOW : DUT=0 REF=0 PASS
#   G     : DUT=0 REF=1 FAIL
#   E     : DUT=0 REF=0 PASS
#   L     : DUT=0 REF=0 PASS
#   ERR   : DUT=0 REF=0 PASS
#   OPA   : DUT=127 REF=0 PASS
# --- NEG_ZERO_NOOFLOW ---
#   RES   : DUT=128 REF=65408 FAIL
#   COUT  : DUT=0 REF=0 PASS
#   OFLOW : DUT=0 REF=0 PASS
#   G     : DUT=0 REF=0 PASS
#   E     : DUT=0 REF=0 PASS
#   L     : DUT=0 REF=1 FAIL
#   ERR   : DUT=0 REF=0 PASS
#   OPA   : DUT=128 REF=0 PASS
# --- ERO_ZERO_NOOFLOW ---
#   RES   : DUT=0 REF=0 PASS
#   COUT  : DUT=0 REF=0 PASS
#   OFLOW : DUT=0 REF=0 PASS
#   G     : DUT=0 REF=0 PASS
#   E     : DUT=0 REF=1 FAIL
#   L     : DUT=0 REF=0 PASS
#   ERR   : DUT=0 REF=0 PASS
#   OPA   : DUT=0 REF=0 PASS
# === SSUB OVERFLOW FEC ===
# --- W_ROW2_ROW3_ROW4 ---
#   RES   : DUT=255 REF=255 PASS
#   COUT  : DUT=0 REF=0 PASS
#   OFLOW : DUT=1 REF=1 PASS
#   G     : DUT=0 REF=1 FAIL
#   E     : DUT=0 REF=0 PASS
#   L     : DUT=0 REF=0 PASS
#   ERR   : DUT=0 REF=0 PASS
#   OPA   : DUT=127 REF=128 PASS
# --- FEC_NEGNEG_OFLOW ---
#   RES   : DUT=1 REF=65281 FAIL
#   COUT  : DUT=0 REF=0 PASS
#   OFLOW : DUT=1 REF=1 PASS
#   G     : DUT=0 REF=0 PASS
#   E     : DUT=0 REF=0 PASS
#   L     : DUT=0 REF=1 FAIL
#   ERR   : DUT=0 REF=0 PASS
#   OPA   : DUT=128 REF=127 PASS
# === INP_VALID ERR ELSE BRANCHES ===
# --- IN_BORROW_BRANCH ---
#   RES   : DUT=250 REF=250 PASS
#   COUT  : DUT=0 REF=0 PASS
#   OFLOW : DUT=1 REF=1 PASS
#   G     : DUT=0 REF=0 PASS
#   E     : DUT=0 REF=0 PASS
#   L     : DUT=0 REF=0 PASS
#   ERR   : DUT=0 REF=0 PASS
#   OPA   : DUT=0 REF=5 PASS
# --- D_INV00_ERR_ELSE ---
#   RES   : DUT=0 REF=0 PASS
#   COUT  : DUT=0 REF=0 PASS
#   OFLOW : DUT=0 REF=0 PASS
#   G     : DUT=0 REF=0 PASS
#   E     : DUT=0 REF=0 PASS
#   L     : DUT=0 REF=0 PASS
#   ERR   : DUT=1 REF=1 PASS
#   OPA   : DUT=5 REF=3 PASS
# --- D_INV01_ERR_ELSE ---
#   RES   : DUT=0 REF=0 PASS
#   COUT  : DUT=0 REF=0 PASS
#   OFLOW : DUT=0 REF=0 PASS
#   G     : DUT=0 REF=0 PASS
#   E     : DUT=0 REF=0 PASS
#   L     : DUT=0 REF=0 PASS
#   ERR   : DUT=1 REF=1 PASS
#   OPA   : DUT=5 REF=3 PASS
# --- D_INV10_ERR_ELSE ---
#   RES   : DUT=0 REF=0 PASS
#   COUT  : DUT=0 REF=0 PASS
#   OFLOW : DUT=0 REF=0 PASS
#   G     : DUT=0 REF=0 PASS
#   E     : DUT=0 REF=0 PASS
#   L     : DUT=0 REF=0 PASS
#   ERR   : DUT=1 REF=1 PASS
#   OPA   : DUT=5 REF=3 PASS
# --- B_INV00_ERR_ELSE ---
#   RES   : DUT=0 REF=0 PASS
#   COUT  : DUT=0 REF=0 PASS
#   OFLOW : DUT=0 REF=0 PASS
#   G     : DUT=0 REF=0 PASS
#   E     : DUT=0 REF=0 PASS
#   L     : DUT=0 REF=0 PASS
#   ERR   : DUT=1 REF=1 PASS
#   OPA   : DUT=5 REF=3 PASS
# --- B_INV01_ERR_ELSE ---
#   RES   : DUT=0 REF=0 PASS
#   COUT  : DUT=0 REF=0 PASS
#   OFLOW : DUT=0 REF=0 PASS
#   G     : DUT=0 REF=0 PASS
#   E     : DUT=0 REF=0 PASS
#   L     : DUT=0 REF=0 PASS
#   ERR   : DUT=1 REF=1 PASS
#   OPA   : DUT=5 REF=3 PASS
# --- B_INV10_ERR_ELSE ---
#   RES   : DUT=0 REF=0 PASS
#   COUT  : DUT=0 REF=0 PASS
#   OFLOW : DUT=0 REF=0 PASS
#   G     : DUT=0 REF=0 PASS
#   E     : DUT=0 REF=0 PASS
#   L     : DUT=0 REF=0 PASS
#   ERR   : DUT=1 REF=1 PASS
#   OPA   : DUT=5 REF=3 PASS
# --- N_INV00_ERR_ELSE ---
#   RES   : DUT=0 REF=0 PASS
#   COUT  : DUT=0 REF=0 PASS
#   OFLOW : DUT=0 REF=0 PASS
#   G     : DUT=0 REF=0 PASS
#   E     : DUT=0 REF=0 PASS
#   L     : DUT=0 REF=0 PASS
#   ERR   : DUT=1 REF=1 PASS
#   OPA   : DUT=5 REF=3 PASS
# --- N_INV01_ERR_ELSE ---
#   RES   : DUT=0 REF=0 PASS
#   COUT  : DUT=0 REF=0 PASS
#   OFLOW : DUT=0 REF=0 PASS
#   G     : DUT=0 REF=0 PASS
#   E     : DUT=0 REF=0 PASS
#   L     : DUT=0 REF=0 PASS
#   ERR   : DUT=1 REF=1 PASS
#   OPA   : DUT=5 REF=3 PASS
# --- N_INV10_ERR_ELSE ---
#   RES   : DUT=0 REF=0 PASS
#   COUT  : DUT=0 REF=0 PASS
#   OFLOW : DUT=0 REF=0 PASS
#   G     : DUT=0 REF=0 PASS
#   E     : DUT=0 REF=0 PASS
#   L     : DUT=0 REF=0 PASS
#   ERR   : DUT=1 REF=1 PASS
#   OPA   : DUT=5 REF=3 PASS
# --- N_INV00_ERR_ELSE ---
#   RES   : DUT=0 REF=0 PASS
#   COUT  : DUT=0 REF=0 PASS
#   OFLOW : DUT=0 REF=0 PASS
#   G     : DUT=0 REF=0 PASS
#   E     : DUT=0 REF=0 PASS
#   L     : DUT=0 REF=0 PASS
#   ERR   : DUT=1 REF=1 PASS
#   OPA   : DUT=5 REF=3 PASS
# --- N_INV01_ERR_ELSE ---
#   RES   : DUT=0 REF=0 PASS
#   COUT  : DUT=0 REF=0 PASS
#   OFLOW : DUT=0 REF=0 PASS
#   G     : DUT=0 REF=0 PASS
#   E     : DUT=0 REF=0 PASS
#   L     : DUT=0 REF=0 PASS
#   ERR   : DUT=1 REF=1 PASS
#   OPA   : DUT=5 REF=3 PASS
# --- N_INV10_ERR_ELSE ---
#   RES   : DUT=0 REF=0 PASS
#   COUT  : DUT=0 REF=0 PASS
#   OFLOW : DUT=0 REF=0 PASS
#   G     : DUT=0 REF=0 PASS
#   E     : DUT=0 REF=0 PASS
#   L     : DUT=0 REF=0 PASS
#   ERR   : DUT=1 REF=1 PASS
#   OPA   : DUT=5 REF=3 PASS
# --- P_INV00_ERR_ELSE ---
#   RES   : DUT=0 REF=0 PASS
#   COUT  : DUT=0 REF=0 PASS
#   OFLOW : DUT=0 REF=0 PASS
#   G     : DUT=0 REF=0 PASS
#   E     : DUT=0 REF=0 PASS
#   L     : DUT=0 REF=0 PASS
#   ERR   : DUT=1 REF=1 PASS
#   OPA   : DUT=5 REF=3 PASS
# --- P_INV01_ERR_ELSE ---
#   RES   : DUT=0 REF=0 PASS
#   COUT  : DUT=0 REF=0 PASS
#   OFLOW : DUT=0 REF=0 PASS
#   G     : DUT=0 REF=0 PASS
#   E     : DUT=0 REF=0 PASS
#   L     : DUT=0 REF=0 PASS
#   ERR   : DUT=1 REF=1 PASS
#   OPA   : DUT=5 REF=3 PASS
# --- P_INV10_ERR_ELSE ---
#   RES   : DUT=0 REF=0 PASS
#   COUT  : DUT=0 REF=0 PASS
#   OFLOW : DUT=0 REF=0 PASS
#   G     : DUT=0 REF=0 PASS
#   E     : DUT=0 REF=0 PASS
#   L     : DUT=0 REF=0 PASS
#   ERR   : DUT=1 REF=1 PASS
#   OPA   : DUT=5 REF=3 PASS
# === FEC INP_VALID CONDITION FALSE ===
# --- INCA_INV00_FEC_0 ---
#   RES   : DUT=0 REF=0 PASS
#   COUT  : DUT=0 REF=0 PASS
#   OFLOW : DUT=0 REF=0 PASS
#   G     : DUT=0 REF=0 PASS
#   E     : DUT=0 REF=0 PASS
#   L     : DUT=0 REF=0 PASS
#   ERR   : DUT=1 REF=1 PASS
#   OPA   : DUT=5 REF=0 PASS
# --- INCB_INV00_FEC_0 ---
#   RES   : DUT=0 REF=0 PASS
#   COUT  : DUT=0 REF=0 PASS
#   OFLOW : DUT=0 REF=0 PASS
#   G     : DUT=0 REF=0 PASS
#   E     : DUT=0 REF=0 PASS
#   L     : DUT=0 REF=0 PASS
#   ERR   : DUT=1 REF=1 PASS
#   OPA   : DUT=0 REF=5 PASS
# --- DECA_INV00_FEC_0 ---
#   RES   : DUT=0 REF=0 PASS
#   COUT  : DUT=0 REF=0 PASS
#   OFLOW : DUT=0 REF=0 PASS
#   G     : DUT=0 REF=0 PASS
#   E     : DUT=0 REF=0 PASS
#   L     : DUT=0 REF=0 PASS
#   ERR   : DUT=1 REF=1 PASS
#   OPA   : DUT=5 REF=0 PASS
# --- DECB_INV00_FEC_0 ---
#   RES   : DUT=0 REF=0 PASS
#   COUT  : DUT=0 REF=0 PASS
#   OFLOW : DUT=0 REF=0 PASS
#   G     : DUT=0 REF=0 PASS
#   E     : DUT=0 REF=0 PASS
#   L     : DUT=0 REF=0 PASS
#   ERR   : DUT=1 REF=1 PASS
#   OPA   : DUT=0 REF=5 PASS
# === CNT9 CNT10 FSM ST1->ST0 TRANSITION ===
# --- L_CNT_ST0_TO_ST1 ---
#   RES   : DUT=12 REF=12 PASS
#   COUT  : DUT=0 REF=0 PASS
#   OFLOW : DUT=0 REF=0 PASS
#   G     : DUT=0 REF=0 PASS
#   E     : DUT=0 REF=0 PASS
#   L     : DUT=0 REF=0 PASS
#   ERR   : DUT=0 REF=0 PASS
# --- _CNT9_ST1_TO_ST0 ---
#   RES   : DUT=15 REF=15 PASS
#   COUT  : DUT=0 REF=0 PASS
#   OFLOW : DUT=0 REF=0 PASS
#   G     : DUT=0 REF=0 PASS
#   E     : DUT=0 REF=0 PASS
#   L     : DUT=0 REF=0 PASS
#   ERR   : DUT=0 REF=0 PASS
# --- L_CNT_ST0_TO_ST1 ---
#   RES   : DUT=12 REF=12 PASS
#   COUT  : DUT=0 REF=0 PASS
#   OFLOW : DUT=0 REF=0 PASS
#   G     : DUT=0 REF=0 PASS
#   E     : DUT=0 REF=0 PASS
#   L     : DUT=0 REF=0 PASS
#   ERR   : DUT=0 REF=0 PASS
# --- CNT10_ST1_TO_ST0 ---
#   RES   : DUT=16 REF=16 PASS
#   COUT  : DUT=0 REF=0 PASS
#   OFLOW : DUT=0 REF=0 PASS
#   G     : DUT=0 REF=0 PASS
#   E     : DUT=0 REF=0 PASS
#   L     : DUT=0 REF=0 PASS
#   ERR   : DUT=0 REF=0 PASS
# === FEC INP_VALID==3||INP_VALID==1 _0 ROWS ===
# --- 00_FEC_ROW1_ROW3 ---
#   RES   : DUT=0 REF=0 PASS
#   COUT  : DUT=0 REF=0 PASS
#   OFLOW : DUT=0 REF=0 PASS
#   G     : DUT=0 REF=0 PASS
#   E     : DUT=0 REF=0 PASS
#   L     : DUT=0 REF=0 PASS
#   ERR   : DUT=1 REF=1 PASS
#   OPA   : DUT=5 REF=0 PASS
# --- A_INV10_FEC_ROW1 ---
#   RES   : DUT=0 REF=0 PASS
#   COUT  : DUT=0 REF=0 PASS
#   OFLOW : DUT=0 REF=0 PASS
#   G     : DUT=0 REF=0 PASS
#   E     : DUT=0 REF=0 PASS
#   L     : DUT=0 REF=0 PASS
#   ERR   : DUT=1 REF=1 PASS
#   OPA   : DUT=5 REF=0 PASS
# --- 00_FEC_ROW1_ROW3 ---
#   RES   : DUT=0 REF=0 PASS
#   COUT  : DUT=0 REF=0 PASS
#   OFLOW : DUT=0 REF=0 PASS
#   G     : DUT=0 REF=0 PASS
#   E     : DUT=0 REF=0 PASS
#   L     : DUT=0 REF=0 PASS
#   ERR   : DUT=1 REF=1 PASS
#   OPA   : DUT=5 REF=0 PASS
# --- A_INV10_FEC_ROW1 ---
#   RES   : DUT=0 REF=0 PASS
#   COUT  : DUT=0 REF=0 PASS
#   OFLOW : DUT=0 REF=0 PASS
#   G     : DUT=0 REF=0 PASS
#   E     : DUT=0 REF=0 PASS
#   L     : DUT=0 REF=0 PASS
#   ERR   : DUT=1 REF=1 PASS
#   OPA   : DUT=5 REF=0 PASS
# --- 00_FEC_ROW1_ROW3 ---
#   RES   : DUT=0 REF=0 PASS
#   COUT  : DUT=0 REF=0 PASS
#   OFLOW : DUT=0 REF=0 PASS
#   G     : DUT=0 REF=0 PASS
#   E     : DUT=0 REF=0 PASS
#   L     : DUT=0 REF=0 PASS
#   ERR   : DUT=1 REF=1 PASS
#   OPA   : DUT=5 REF=0 PASS
# --- A_INV10_FEC_ROW1 ---
#   RES   : DUT=0 REF=0 PASS
#   COUT  : DUT=0 REF=0 PASS
#   OFLOW : DUT=0 REF=0 PASS
#   G     : DUT=0 REF=0 PASS
#   E     : DUT=0 REF=0 PASS
#   L     : DUT=0 REF=0 PASS
#   ERR   : DUT=1 REF=1 PASS
#   OPA   : DUT=5 REF=0 PASS
# --- 00_FEC_ROW1_ROW3 ---
#   RES   : DUT=0 REF=0 PASS
#   COUT  : DUT=0 REF=0 PASS
#   OFLOW : DUT=0 REF=0 PASS
#   G     : DUT=0 REF=0 PASS
#   E     : DUT=0 REF=0 PASS
#   L     : DUT=0 REF=0 PASS
#   ERR   : DUT=1 REF=1 PASS
#   OPA   : DUT=5 REF=0 PASS
# --- A_INV10_FEC_ROW1 ---
#   RES   : DUT=0 REF=0 PASS
#   COUT  : DUT=0 REF=0 PASS
#   OFLOW : DUT=0 REF=0 PASS
#   G     : DUT=0 REF=0 PASS
#   E     : DUT=0 REF=0 PASS
#   L     : DUT=0 REF=0 PASS
#   ERR   : DUT=1 REF=1 PASS
#   OPA   : DUT=5 REF=0 PASS
# --- 00_FEC_ROW1_ROW3 ---
#   RES   : DUT=0 REF=0 PASS
#   COUT  : DUT=0 REF=0 PASS
#   OFLOW : DUT=0 REF=0 PASS
#   G     : DUT=0 REF=0 PASS
#   E     : DUT=0 REF=0 PASS
#   L     : DUT=0 REF=0 PASS
#   ERR   : DUT=1 REF=1 PASS
#   OPA   : DUT=5 REF=0 PASS
# --- A_INV10_FEC_ROW1 ---
#   RES   : DUT=0 REF=0 PASS
#   COUT  : DUT=0 REF=0 PASS
#   OFLOW : DUT=0 REF=0 PASS
#   G     : DUT=0 REF=0 PASS
#   E     : DUT=0 REF=0 PASS
#   L     : DUT=0 REF=0 PASS
#   ERR   : DUT=1 REF=1 PASS
#   OPA   : DUT=5 REF=0 PASS
# === FEC INP_VALID==3||INP_VALID==2 _0 ROWS ===
# --- 00_FEC_ROW1_ROW3 ---
#   RES   : DUT=0 REF=0 PASS
#   COUT  : DUT=0 REF=0 PASS
#   OFLOW : DUT=0 REF=0 PASS
#   G     : DUT=0 REF=0 PASS
#   E     : DUT=0 REF=0 PASS
#   L     : DUT=0 REF=0 PASS
#   ERR   : DUT=1 REF=1 PASS
#   OPA   : DUT=0 REF=5 PASS
# --- B_INV01_FEC_ROW3 ---
#   RES   : DUT=0 REF=0 PASS
#   COUT  : DUT=0 REF=0 PASS
#   OFLOW : DUT=0 REF=0 PASS
#   G     : DUT=0 REF=0 PASS
#   E     : DUT=0 REF=0 PASS
#   L     : DUT=0 REF=0 PASS
#   ERR   : DUT=1 REF=1 PASS
#   OPA   : DUT=0 REF=5 PASS
# --- 00_FEC_ROW1_ROW3 ---
#   RES   : DUT=0 REF=0 PASS
#   COUT  : DUT=0 REF=0 PASS
#   OFLOW : DUT=0 REF=0 PASS
#   G     : DUT=0 REF=0 PASS
#   E     : DUT=0 REF=0 PASS
#   L     : DUT=0 REF=0 PASS
#   ERR   : DUT=1 REF=1 PASS
#   OPA   : DUT=0 REF=5 PASS
# --- B_INV01_FEC_ROW3 ---
#   RES   : DUT=0 REF=0 PASS
#   COUT  : DUT=0 REF=0 PASS
#   OFLOW : DUT=0 REF=0 PASS
#   G     : DUT=0 REF=0 PASS
#   E     : DUT=0 REF=0 PASS
#   L     : DUT=0 REF=0 PASS
#   ERR   : DUT=1 REF=1 PASS
#   OPA   : DUT=0 REF=5 PASS
# --- 00_FEC_ROW1_ROW3 ---
#   RES   : DUT=0 REF=0 PASS
#   COUT  : DUT=0 REF=0 PASS
#   OFLOW : DUT=0 REF=0 PASS
#   G     : DUT=0 REF=0 PASS
#   E     : DUT=0 REF=0 PASS
#   L     : DUT=0 REF=0 PASS
#   ERR   : DUT=1 REF=1 PASS
#   OPA   : DUT=0 REF=5 PASS
# --- B_INV01_FEC_ROW3 ---
#   RES   : DUT=0 REF=0 PASS
#   COUT  : DUT=0 REF=0 PASS
#   OFLOW : DUT=0 REF=0 PASS
#   G     : DUT=0 REF=0 PASS
#   E     : DUT=0 REF=0 PASS
#   L     : DUT=0 REF=0 PASS
#   ERR   : DUT=1 REF=1 PASS
#   OPA   : DUT=0 REF=5 PASS
# --- 00_FEC_ROW1_ROW3 ---
#   RES   : DUT=0 REF=0 PASS
#   COUT  : DUT=0 REF=0 PASS
#   OFLOW : DUT=0 REF=0 PASS
#   G     : DUT=0 REF=0 PASS
#   E     : DUT=0 REF=0 PASS
#   L     : DUT=0 REF=0 PASS
#   ERR   : DUT=1 REF=1 PASS
#   OPA   : DUT=0 REF=5 PASS
# --- B_INV01_FEC_ROW3 ---
#   RES   : DUT=0 REF=0 PASS
#   COUT  : DUT=0 REF=0 PASS
#   OFLOW : DUT=0 REF=0 PASS
#   G     : DUT=0 REF=0 PASS
#   E     : DUT=0 REF=0 PASS
#   L     : DUT=0 REF=0 PASS
#   ERR   : DUT=1 REF=1 PASS
#   OPA   : DUT=0 REF=5 PASS
# --- 00_FEC_ROW1_ROW3 ---
#   RES   : DUT=0 REF=0 PASS
#   COUT  : DUT=0 REF=0 PASS
#   OFLOW : DUT=0 REF=0 PASS
#   G     : DUT=0 REF=0 PASS
#   E     : DUT=0 REF=0 PASS
#   L     : DUT=0 REF=0 PASS
#   ERR   : DUT=1 REF=1 PASS
#   OPA   : DUT=0 REF=5 PASS
# --- B_INV01_FEC_ROW3 ---
#   RES   : DUT=0 REF=0 PASS
#   COUT  : DUT=0 REF=0 PASS
#   OFLOW : DUT=0 REF=0 PASS
#   G     : DUT=0 REF=0 PASS
#   E     : DUT=0 REF=0 PASS
#   L     : DUT=0 REF=0 PASS
#   ERR   : DUT=1 REF=1 PASS
#   OPA   : DUT=0 REF=5 PASS
# === ERR ELSE BRANCHES - STATEMENT ZEROS ===
# --- ADD_INV00_ERR ---
#   RES   : DUT=0 REF=0 PASS
#   COUT  : DUT=0 REF=0 PASS
#   OFLOW : DUT=0 REF=0 PASS
#   G     : DUT=0 REF=0 PASS
#   E     : DUT=0 REF=0 PASS
#   L     : DUT=0 REF=0 PASS
#   ERR   : DUT=1 REF=1 PASS
#   OPA   : DUT=5 REF=3 PASS
# --- ADD_INV01_ERR ---
#   RES   : DUT=0 REF=0 PASS
#   COUT  : DUT=0 REF=0 PASS
#   OFLOW : DUT=0 REF=0 PASS
#   G     : DUT=0 REF=0 PASS
#   E     : DUT=0 REF=0 PASS
#   L     : DUT=0 REF=0 PASS
#   ERR   : DUT=1 REF=1 PASS
#   OPA   : DUT=5 REF=3 PASS
# --- ADD_INV10_ERR ---
#   RES   : DUT=0 REF=0 PASS
#   COUT  : DUT=0 REF=0 PASS
#   OFLOW : DUT=0 REF=0 PASS
#   G     : DUT=0 REF=0 PASS
#   E     : DUT=0 REF=0 PASS
#   L     : DUT=0 REF=0 PASS
#   ERR   : DUT=1 REF=1 PASS
#   OPA   : DUT=5 REF=3 PASS
# --- SUB_INV00_ERR ---
#   RES   : DUT=0 REF=0 PASS
#   COUT  : DUT=0 REF=0 PASS
#   OFLOW : DUT=0 REF=0 PASS
#   G     : DUT=0 REF=0 PASS
#   E     : DUT=0 REF=0 PASS
#   L     : DUT=0 REF=0 PASS
#   ERR   : DUT=1 REF=1 PASS
#   OPA   : DUT=5 REF=3 PASS
# --- SUB_INV01_ERR ---
#   RES   : DUT=0 REF=0 PASS
#   COUT  : DUT=0 REF=0 PASS
#   OFLOW : DUT=0 REF=0 PASS
#   G     : DUT=0 REF=0 PASS
#   E     : DUT=0 REF=0 PASS
#   L     : DUT=0 REF=0 PASS
#   ERR   : DUT=1 REF=1 PASS
#   OPA   : DUT=5 REF=3 PASS
# --- SUB_INV10_ERR ---
#   RES   : DUT=0 REF=0 PASS
#   COUT  : DUT=0 REF=0 PASS
#   OFLOW : DUT=0 REF=0 PASS
#   G     : DUT=0 REF=0 PASS
#   E     : DUT=0 REF=0 PASS
#   L     : DUT=0 REF=0 PASS
#   ERR   : DUT=1 REF=1 PASS
#   OPA   : DUT=5 REF=3 PASS
# --- ADDCIN_INV00_ERR ---
#   RES   : DUT=0 REF=0 PASS
#   COUT  : DUT=0 REF=0 PASS
#   OFLOW : DUT=0 REF=0 PASS
#   G     : DUT=0 REF=0 PASS
#   E     : DUT=0 REF=0 PASS
#   L     : DUT=0 REF=0 PASS
#   ERR   : DUT=1 REF=1 PASS
#   OPA   : DUT=5 REF=3 PASS
# --- ADDCIN_INV01_ERR ---
#   RES   : DUT=0 REF=0 PASS
#   COUT  : DUT=0 REF=0 PASS
#   OFLOW : DUT=0 REF=0 PASS
#   G     : DUT=0 REF=0 PASS
#   E     : DUT=0 REF=0 PASS
#   L     : DUT=0 REF=0 PASS
#   ERR   : DUT=1 REF=1 PASS
#   OPA   : DUT=5 REF=3 PASS
# --- ADDCIN_INV10_ERR ---
#   RES   : DUT=0 REF=0 PASS
#   COUT  : DUT=0 REF=0 PASS
#   OFLOW : DUT=0 REF=0 PASS
#   G     : DUT=0 REF=0 PASS
#   E     : DUT=0 REF=0 PASS
#   L     : DUT=0 REF=0 PASS
#   ERR   : DUT=1 REF=1 PASS
#   OPA   : DUT=5 REF=3 PASS
# --- SUBCIN_INV00_ERR ---
#   RES   : DUT=0 REF=0 PASS
#   COUT  : DUT=0 REF=0 PASS
#   OFLOW : DUT=0 REF=0 PASS
#   G     : DUT=0 REF=0 PASS
#   E     : DUT=0 REF=0 PASS
#   L     : DUT=0 REF=0 PASS
#   ERR   : DUT=1 REF=1 PASS
#   OPA   : DUT=5 REF=3 PASS
# --- SUBCIN_INV01_ERR ---
#   RES   : DUT=0 REF=0 PASS
#   COUT  : DUT=0 REF=0 PASS
#   OFLOW : DUT=0 REF=0 PASS
#   G     : DUT=0 REF=0 PASS
#   E     : DUT=0 REF=0 PASS
#   L     : DUT=0 REF=0 PASS
#   ERR   : DUT=1 REF=1 PASS
#   OPA   : DUT=5 REF=3 PASS
# --- SUBCIN_INV10_ERR ---
#   RES   : DUT=0 REF=0 PASS
#   COUT  : DUT=0 REF=0 PASS
#   OFLOW : DUT=0 REF=0 PASS
#   G     : DUT=0 REF=0 PASS
#   E     : DUT=0 REF=0 PASS
#   L     : DUT=0 REF=0 PASS
#   ERR   : DUT=1 REF=1 PASS
#   OPA   : DUT=5 REF=3 PASS
# --- CIN_OFLOW_BRANCH ---
#   RES   : DUT=252 REF=252 PASS
#   COUT  : DUT=0 REF=0 PASS
#   OFLOW : DUT=1 REF=1 PASS
#   G     : DUT=0 REF=0 PASS
#   E     : DUT=0 REF=0 PASS
#   L     : DUT=0 REF=0 PASS
#   ERR   : DUT=0 REF=0 PASS
#   OPA   : DUT=2 REF=5 PASS
# --- _ZERO_CIN1_OFLOW ---
#   RES   : DUT=255 REF=255 PASS
#   COUT  : DUT=0 REF=0 PASS
#   OFLOW : DUT=1 REF=0 FAIL
#   G     : DUT=0 REF=0 PASS
#   E     : DUT=0 REF=0 PASS
#   L     : DUT=0 REF=0 PASS
#   ERR   : DUT=0 REF=0 PASS
#   OPA   : DUT=0 REF=0 PASS
# --- CMP_INV00_ERR ---
#   RES   : DUT=0 REF=0 PASS
#   COUT  : DUT=0 REF=0 PASS
#   OFLOW : DUT=0 REF=0 PASS
#   G     : DUT=0 REF=0 PASS
#   E     : DUT=0 REF=0 PASS
#   L     : DUT=0 REF=0 PASS
#   ERR   : DUT=1 REF=1 PASS
#   OPA   : DUT=5 REF=3 PASS
# --- CMP_INV01_ERR ---
#   RES   : DUT=0 REF=0 PASS
#   COUT  : DUT=0 REF=0 PASS
#   OFLOW : DUT=0 REF=0 PASS
#   G     : DUT=0 REF=0 PASS
#   E     : DUT=0 REF=0 PASS
#   L     : DUT=0 REF=0 PASS
#   ERR   : DUT=1 REF=1 PASS
#   OPA   : DUT=5 REF=3 PASS
# --- CMP_INV10_ERR ---
#   RES   : DUT=0 REF=0 PASS
#   COUT  : DUT=0 REF=0 PASS
#   OFLOW : DUT=0 REF=0 PASS
#   G     : DUT=0 REF=0 PASS
#   E     : DUT=0 REF=0 PASS
#   L     : DUT=0 REF=0 PASS
#   ERR   : DUT=1 REF=1 PASS
#   OPA   : DUT=5 REF=3 PASS
# --- SADD_INV00_ERR ---
#   RES   : DUT=0 REF=0 PASS
#   COUT  : DUT=0 REF=0 PASS
#   OFLOW : DUT=0 REF=0 PASS
#   G     : DUT=0 REF=0 PASS
#   E     : DUT=0 REF=0 PASS
#   L     : DUT=0 REF=0 PASS
#   ERR   : DUT=1 REF=1 PASS
#   OPA   : DUT=5 REF=3 PASS
# --- SADD_INV01_ERR ---
#   RES   : DUT=0 REF=0 PASS
#   COUT  : DUT=0 REF=0 PASS
#   OFLOW : DUT=0 REF=0 PASS
#   G     : DUT=0 REF=0 PASS
#   E     : DUT=0 REF=0 PASS
#   L     : DUT=0 REF=0 PASS
#   ERR   : DUT=1 REF=1 PASS
#   OPA   : DUT=5 REF=3 PASS
# --- SADD_INV10_ERR ---
#   RES   : DUT=0 REF=0 PASS
#   COUT  : DUT=0 REF=0 PASS
#   OFLOW : DUT=0 REF=0 PASS
#   G     : DUT=0 REF=0 PASS
#   E     : DUT=0 REF=0 PASS
#   L     : DUT=0 REF=0 PASS
#   ERR   : DUT=1 REF=1 PASS
#   OPA   : DUT=5 REF=3 PASS
# --- SSUB_INV00_ERR ---
#   RES   : DUT=0 REF=0 PASS
#   COUT  : DUT=0 REF=0 PASS
#   OFLOW : DUT=0 REF=0 PASS
#   G     : DUT=0 REF=0 PASS
#   E     : DUT=0 REF=0 PASS
#   L     : DUT=0 REF=0 PASS
#   ERR   : DUT=1 REF=1 PASS
#   OPA   : DUT=5 REF=3 PASS
# --- SSUB_INV01_ERR ---
#   RES   : DUT=0 REF=0 PASS
#   COUT  : DUT=0 REF=0 PASS
#   OFLOW : DUT=0 REF=0 PASS
#   G     : DUT=0 REF=0 PASS
#   E     : DUT=0 REF=0 PASS
#   L     : DUT=0 REF=0 PASS
#   ERR   : DUT=1 REF=1 PASS
#   OPA   : DUT=5 REF=3 PASS
# --- SSUB_INV10_ERR ---
#   RES   : DUT=0 REF=0 PASS
#   COUT  : DUT=0 REF=0 PASS
#   OFLOW : DUT=0 REF=0 PASS
#   G     : DUT=0 REF=0 PASS
#   E     : DUT=0 REF=0 PASS
#   L     : DUT=0 REF=0 PASS
#   ERR   : DUT=1 REF=1 PASS
#   OPA   : DUT=5 REF=3 PASS
# --- IC_AND_INV00_ERR ---
#   RES   : DUT=0 REF=0 PASS
#   COUT  : DUT=0 REF=0 PASS
#   OFLOW : DUT=0 REF=0 PASS
#   G     : DUT=0 REF=0 PASS
#   E     : DUT=0 REF=0 PASS
#   L     : DUT=0 REF=0 PASS
#   ERR   : DUT=1 REF=1 PASS
#   OPA   : DUT=5 REF=3 PASS
# --- IC_AND_INV01_ERR ---
#   RES   : DUT=0 REF=0 PASS
#   COUT  : DUT=0 REF=0 PASS
#   OFLOW : DUT=0 REF=0 PASS
#   G     : DUT=0 REF=0 PASS
#   E     : DUT=0 REF=0 PASS
#   L     : DUT=0 REF=0 PASS
#   ERR   : DUT=1 REF=1 PASS
#   OPA   : DUT=5 REF=3 PASS
# --- IC_AND_INV10_ERR ---
#   RES   : DUT=0 REF=0 PASS
#   COUT  : DUT=0 REF=0 PASS
#   OFLOW : DUT=0 REF=0 PASS
#   G     : DUT=0 REF=0 PASS
#   E     : DUT=0 REF=0 PASS
#   L     : DUT=0 REF=0 PASS
#   ERR   : DUT=1 REF=1 PASS
#   OPA   : DUT=5 REF=3 PASS
# --- C_NAND_INV00_ERR ---
#   RES   : DUT=0 REF=0 PASS
#   COUT  : DUT=0 REF=0 PASS
#   OFLOW : DUT=0 REF=0 PASS
#   G     : DUT=0 REF=0 PASS
#   E     : DUT=0 REF=0 PASS
#   L     : DUT=0 REF=0 PASS
#   ERR   : DUT=1 REF=1 PASS
#   OPA   : DUT=5 REF=3 PASS
# --- GIC_OR_INV00_ERR ---
#   RES   : DUT=0 REF=0 PASS
#   COUT  : DUT=0 REF=0 PASS
#   OFLOW : DUT=0 REF=0 PASS
#   G     : DUT=0 REF=0 PASS
#   E     : DUT=0 REF=0 PASS
#   L     : DUT=0 REF=0 PASS
#   ERR   : DUT=1 REF=1 PASS
#   OPA   : DUT=5 REF=3 PASS
# --- IC_NOR_INV00_ERR ---
#   RES   : DUT=0 REF=0 PASS
#   COUT  : DUT=0 REF=0 PASS
#   OFLOW : DUT=0 REF=0 PASS
#   G     : DUT=0 REF=0 PASS
#   E     : DUT=0 REF=0 PASS
#   L     : DUT=0 REF=0 PASS
#   ERR   : DUT=1 REF=1 PASS
#   OPA   : DUT=5 REF=3 PASS
# --- IC_XOR_INV00_ERR ---
#   RES   : DUT=0 REF=0 PASS
#   COUT  : DUT=0 REF=0 PASS
#   OFLOW : DUT=0 REF=0 PASS
#   G     : DUT=0 REF=0 PASS
#   E     : DUT=0 REF=0 PASS
#   L     : DUT=0 REF=0 PASS
#   ERR   : DUT=1 REF=1 PASS
#   OPA   : DUT=5 REF=3 PASS
# --- C_XNOR_INV00_ERR ---
#   RES   : DUT=0 REF=0 PASS
#   COUT  : DUT=0 REF=0 PASS
#   OFLOW : DUT=0 REF=0 PASS
#   G     : DUT=0 REF=0 PASS
#   E     : DUT=0 REF=0 PASS
#   L     : DUT=0 REF=0 PASS
#   ERR   : DUT=1 REF=1 PASS
#   OPA   : DUT=5 REF=3 PASS
# --- ROL_INV00_ERR ---
#   RES   : DUT=0 REF=0 PASS
#   COUT  : DUT=0 REF=0 PASS
#   OFLOW : DUT=0 REF=0 PASS
#   G     : DUT=0 REF=0 PASS
#   E     : DUT=0 REF=0 PASS
#   L     : DUT=0 REF=0 PASS
#   ERR   : DUT=1 REF=1 PASS
#   OPA   : DUT=171 REF=2 PASS
# --- ROL_INV01_ERR ---
#   RES   : DUT=0 REF=0 PASS
#   COUT  : DUT=0 REF=0 PASS
#   OFLOW : DUT=0 REF=0 PASS
#   G     : DUT=0 REF=0 PASS
#   E     : DUT=0 REF=0 PASS
#   L     : DUT=0 REF=0 PASS
#   ERR   : DUT=1 REF=1 PASS
#   OPA   : DUT=171 REF=2 PASS
# --- ROL_INV10_ERR ---
#   RES   : DUT=0 REF=0 PASS
#   COUT  : DUT=0 REF=0 PASS
#   OFLOW : DUT=0 REF=0 PASS
#   G     : DUT=0 REF=0 PASS
#   E     : DUT=0 REF=0 PASS
#   L     : DUT=0 REF=0 PASS
#   ERR   : DUT=1 REF=1 PASS
#   OPA   : DUT=171 REF=2 PASS
# --- ROR_INV00_ERR ---
#   RES   : DUT=0 REF=0 PASS
#   COUT  : DUT=0 REF=0 PASS
#   OFLOW : DUT=0 REF=0 PASS
#   G     : DUT=0 REF=0 PASS
#   E     : DUT=0 REF=0 PASS
#   L     : DUT=0 REF=0 PASS
#   ERR   : DUT=1 REF=1 PASS
#   OPA   : DUT=171 REF=2 PASS
# --- ROR_INV01_ERR ---
#   RES   : DUT=0 REF=0 PASS
#   COUT  : DUT=0 REF=0 PASS
#   OFLOW : DUT=0 REF=0 PASS
#   G     : DUT=0 REF=0 PASS
#   E     : DUT=0 REF=0 PASS
#   L     : DUT=0 REF=0 PASS
#   ERR   : DUT=1 REF=1 PASS
#   OPA   : DUT=171 REF=2 PASS
# --- ROR_INV10_ERR ---
#   RES   : DUT=0 REF=0 PASS
#   COUT  : DUT=0 REF=0 PASS
#   OFLOW : DUT=0 REF=0 PASS
#   G     : DUT=0 REF=0 PASS
#   E     : DUT=0 REF=0 PASS
#   L     : DUT=0 REF=0 PASS
#   ERR   : DUT=1 REF=1 PASS
#   OPA   : DUT=171 REF=2 PASS
# === ROL DEFAULT + ROR MISSING BRANCHES ===
# --- 4_MISSING_BRANCH ---
#   RES   : DUT=186 REF=186 PASS
#   COUT  : DUT=0 REF=0 PASS
#   OFLOW : DUT=0 REF=0 PASS
#   G     : DUT=0 REF=0 PASS
#   E     : DUT=0 REF=0 PASS
#   L     : DUT=0 REF=0 PASS
#   ERR   : DUT=0 REF=0 PASS
#   OPA   : DUT=171 REF=4 PASS
# ** Note: $finish    : tb.v(2171)
#    Time: 3626 ns  Iteration: 0  Instance: /tb_alu_verify
# Saving coverage database on exit...
# End time: 23:29:13 on May 11,2026, Elapsed time: 0:00:02
# Errors: 0, Warnings: 0
